<?xml version="1.0" encoding="UTF-8"?>
<!-- Generated by org.testng.reporters.JUnitXMLReporter -->
<testsuite ignored="0" hostname="TICH-D-P017" failures="2" tests="22" name="SeleniumMaventled" time="427.383" errors="0" timestamp="2026-01-27T09:48:20 CET">
  <testcase classname="tests.ModulesMPTest" name="Login" time="16.895"/>
  <testcase classname="tests.ModulesMPTest" name="ViewHistory" time="19.443"/>
  <testcase classname="tests.ModulesMPTest" name="ModuleSummary" time="0.145"/>
  <testcase classname="tests.ModulesMPTest" name="ModuleClinicalDocuments" time="18.061"/>
  <testcase classname="tests.ModulesMPTest" name="ModuleAnamnesis" time="2.769"/>
  <testcase classname="tests.ModulesMPTest" name="ModuleEvolutionaryCourse" time="1.535"/>
  <testcase classname="tests.ModulesMPTest" name="ModulePharmacotherapeuticProfile" time="48.067"/>
  <testcase classname="tests.ModulesMPTest" name="ModuleConstantsRegistry" time="3.319"/>
  <testcase classname="tests.ModulesMPTest" name="ModuleBalancesRegistry" time="2.886"/>
  <testcase classname="tests.ModulesMPTest" name="ModuleMedicalHistory" time="0.088"/>
  <testcase classname="tests.ModulesMPTest" name="ModuleAllergiesAndAlerts" time="0.084"/>
  <testcase classname="tests.ModulesMPTest" name="ModuleDiagnoses" time="2.779"/>
  <testcase classname="tests.ModulesMPTest" name="ModuleTestsMap" time="32.422">
    <failure type="org.openqa.selenium.ElementClickInterceptedException" message="element click intercepted: Element &amp;lt;div _ngcontent-ng-c3182641179=&amp;quot;&amp;quot; class=&amp;quot;d-flex justify-content-center align-items-center cursor-pointer&amp;quot; id=&amp;quot;tests-map-back-button&amp;quot;&amp;gt;...&amp;lt;/div&amp;gt; is not clickable at point (129, 88). Other element would receive the click: &amp;lt;div class=&amp;quot;cdk-overlay-backdrop cdk-overlay-dark-backdrop cdk-overlay-backdrop-showing&amp;quot;&amp;gt;&amp;lt;/div&amp;gt;
  (Session info: chrome=144.0.7559.97)
Build info: version: &amp;apos;4.36.0&amp;apos;, revision: &amp;apos;6d115cfd87&amp;apos;
System info: os.name: &amp;apos;Windows 11&amp;apos;, os.arch: &amp;apos;amd64&amp;apos;, os.version: &amp;apos;10.0&amp;apos;, java.version: &amp;apos;25&amp;apos;
Driver info: org.openqa.selenium.chrome.ChromeDriver
Command: [417926d88b37bac4bfc7a79fbe65dd74, clickElement {id=f.67C413798F1A88AFBEAB29A3A718D36C.d.7C79D3D836030AE5E0FE3DF02D53178F.e.81}]
Capabilities {acceptInsecureCerts: false, browserName: chrome, browserVersion: 144.0.7559.97, chrome: {chromedriverVersion: 143.0.7499.42 (24bdc8c48a0c..., userDataDir: C:\Users\OSCAR~1.VIL\AppDat...}, fedcm:accounts: true, goog:chromeOptions: {debuggerAddress: localhost:59272}, goog:processID: 26832, networkConnectionEnabled: false, pageLoadStrategy: normal, platformName: windows, proxy: Proxy(), se:cdp: ws://localhost:59272/devtoo..., se:cdpVersion: 144.0.7559.97, setWindowRect: true, strictFileInteractability: false, timeouts: {implicit: 0, pageLoad: 300000, script: 30000}, unhandledPromptBehavior: dismiss and notify, webauthn:extension:credBlob: true, webauthn:extension:largeBlob: true, webauthn:extension:minPinLength: true, webauthn:extension:prf: true, webauthn:virtualAuthenticators: true}
Element: [[ChromeDriver: chrome on windows (417926d88b37bac4bfc7a79fbe65dd74)] -&amp;gt; css selector: [id$=&amp;apos;-back-button&amp;apos;]]
Session ID: 417926d88b37bac4bfc7a79fbe65dd74">
      <![CDATA[org.openqa.selenium.ElementClickInterceptedException: element click intercepted: Element <div _ngcontent-ng-c3182641179="" class="d-flex justify-content-center align-items-center cursor-pointer" id="tests-map-back-button">...</div> is not clickable at point (129, 88). Other element would receive the click: <div class="cdk-overlay-backdrop cdk-overlay-dark-backdrop cdk-overlay-backdrop-showing"></div>
  (Session info: chrome=144.0.7559.97)
Build info: version: '4.36.0', revision: '6d115cfd87'
System info: os.name: 'Windows 11', os.arch: 'amd64', os.version: '10.0', java.version: '25'
Driver info: org.openqa.selenium.chrome.ChromeDriver
Command: [417926d88b37bac4bfc7a79fbe65dd74, clickElement {id=f.67C413798F1A88AFBEAB29A3A718D36C.d.7C79D3D836030AE5E0FE3DF02D53178F.e.81}]
Capabilities {acceptInsecureCerts: false, browserName: chrome, browserVersion: 144.0.7559.97, chrome: {chromedriverVersion: 143.0.7499.42 (24bdc8c48a0c..., userDataDir: C:\Users\OSCAR~1.VIL\AppDat...}, fedcm:accounts: true, goog:chromeOptions: {debuggerAddress: localhost:59272}, goog:processID: 26832, networkConnectionEnabled: false, pageLoadStrategy: normal, platformName: windows, proxy: Proxy(), se:cdp: ws://localhost:59272/devtoo..., se:cdpVersion: 144.0.7559.97, setWindowRect: true, strictFileInteractability: false, timeouts: {implicit: 0, pageLoad: 300000, script: 30000}, unhandledPromptBehavior: dismiss and notify, webauthn:extension:credBlob: true, webauthn:extension:largeBlob: true, webauthn:extension:minPinLength: true, webauthn:extension:prf: true, webauthn:virtualAuthenticators: true}
Element: [[ChromeDriver: chrome on windows (417926d88b37bac4bfc7a79fbe65dd74)] -> css selector: [id$='-back-button']]
Session ID: 417926d88b37bac4bfc7a79fbe65dd74
at org.openqa.selenium.remote.ErrorCodec.decode(ErrorCodec.java:167)
at org.openqa.selenium.remote.codec.w3c.W3CHttpResponseCodec.decode(W3CHttpResponseCodec.java:138)
at org.openqa.selenium.remote.codec.w3c.W3CHttpResponseCodec.decode(W3CHttpResponseCodec.java:50)
at org.openqa.selenium.remote.HttpCommandExecutor.execute(HttpCommandExecutor.java:215)
at org.openqa.selenium.remote.service.DriverCommandExecutor.invokeExecute(DriverCommandExecutor.java:216)
at org.openqa.selenium.remote.service.DriverCommandExecutor.execute(DriverCommandExecutor.java:174)
at org.openqa.selenium.remote.RemoteWebDriver.execute(RemoteWebDriver.java:557)
at org.openqa.selenium.remote.RemoteWebElement.execute(RemoteWebElement.java:223)
at org.openqa.selenium.remote.RemoteWebElement.click(RemoteWebElement.java:76)
at tests.ModulesMPTest.BackToMainMenu(ModulesMPTest.java:280)
at tests.ModulesMPTest.ModuleTestsMap(ModulesMPTest.java:135)
at java.base/java.util.ArrayList.forEach(ArrayList.java:1604)
at com.intellij.rt.testng.IDEARemoteTestNG.run(IDEARemoteTestNG.java:65)
at com.intellij.rt.testng.RemoteTestNGStarter.main(RemoteTestNGStarter.java:105)
... Removed 25 stack frames]]>
    </failure>
  </testcase> <!-- ModuleTestsMap -->
  <testcase classname="tests.ModulesMPTest" name="ModuleTreatments" time="31.209">
    <failure type="org.openqa.selenium.ElementClickInterceptedException" message="element click intercepted: Element &amp;lt;div _ngcontent-ng-c3182641179=&amp;quot;&amp;quot; class=&amp;quot;d-flex justify-content-center align-items-center cursor-pointer&amp;quot; id=&amp;quot;tests-map-back-button&amp;quot;&amp;gt;...&amp;lt;/div&amp;gt; is not clickable at point (129, 88). Other element would receive the click: &amp;lt;div class=&amp;quot;cdk-overlay-backdrop cdk-overlay-dark-backdrop cdk-overlay-backdrop-showing&amp;quot;&amp;gt;&amp;lt;/div&amp;gt;
  (Session info: chrome=144.0.7559.97)
Build info: version: &amp;apos;4.36.0&amp;apos;, revision: &amp;apos;6d115cfd87&amp;apos;
System info: os.name: &amp;apos;Windows 11&amp;apos;, os.arch: &amp;apos;amd64&amp;apos;, os.version: &amp;apos;10.0&amp;apos;, java.version: &amp;apos;25&amp;apos;
Driver info: org.openqa.selenium.chrome.ChromeDriver
Command: [417926d88b37bac4bfc7a79fbe65dd74, clickElement {id=f.67C413798F1A88AFBEAB29A3A718D36C.d.7C79D3D836030AE5E0FE3DF02D53178F.e.81}]
Capabilities {acceptInsecureCerts: false, browserName: chrome, browserVersion: 144.0.7559.97, chrome: {chromedriverVersion: 143.0.7499.42 (24bdc8c48a0c..., userDataDir: C:\Users\OSCAR~1.VIL\AppDat...}, fedcm:accounts: true, goog:chromeOptions: {debuggerAddress: localhost:59272}, goog:processID: 26832, networkConnectionEnabled: false, pageLoadStrategy: normal, platformName: windows, proxy: Proxy(), se:cdp: ws://localhost:59272/devtoo..., se:cdpVersion: 144.0.7559.97, setWindowRect: true, strictFileInteractability: false, timeouts: {implicit: 0, pageLoad: 300000, script: 30000}, unhandledPromptBehavior: dismiss and notify, webauthn:extension:credBlob: true, webauthn:extension:largeBlob: true, webauthn:extension:minPinLength: true, webauthn:extension:prf: true, webauthn:virtualAuthenticators: true}
Element: [[ChromeDriver: chrome on windows (417926d88b37bac4bfc7a79fbe65dd74)] -&amp;gt; css selector: [id$=&amp;apos;-back-button&amp;apos;]]
Session ID: 417926d88b37bac4bfc7a79fbe65dd74">
      <![CDATA[org.openqa.selenium.ElementClickInterceptedException: element click intercepted: Element <div _ngcontent-ng-c3182641179="" class="d-flex justify-content-center align-items-center cursor-pointer" id="tests-map-back-button">...</div> is not clickable at point (129, 88). Other element would receive the click: <div class="cdk-overlay-backdrop cdk-overlay-dark-backdrop cdk-overlay-backdrop-showing"></div>
  (Session info: chrome=144.0.7559.97)
Build info: version: '4.36.0', revision: '6d115cfd87'
System info: os.name: 'Windows 11', os.arch: 'amd64', os.version: '10.0', java.version: '25'
Driver info: org.openqa.selenium.chrome.ChromeDriver
Command: [417926d88b37bac4bfc7a79fbe65dd74, clickElement {id=f.67C413798F1A88AFBEAB29A3A718D36C.d.7C79D3D836030AE5E0FE3DF02D53178F.e.81}]
Capabilities {acceptInsecureCerts: false, browserName: chrome, browserVersion: 144.0.7559.97, chrome: {chromedriverVersion: 143.0.7499.42 (24bdc8c48a0c..., userDataDir: C:\Users\OSCAR~1.VIL\AppDat...}, fedcm:accounts: true, goog:chromeOptions: {debuggerAddress: localhost:59272}, goog:processID: 26832, networkConnectionEnabled: false, pageLoadStrategy: normal, platformName: windows, proxy: Proxy(), se:cdp: ws://localhost:59272/devtoo..., se:cdpVersion: 144.0.7559.97, setWindowRect: true, strictFileInteractability: false, timeouts: {implicit: 0, pageLoad: 300000, script: 30000}, unhandledPromptBehavior: dismiss and notify, webauthn:extension:credBlob: true, webauthn:extension:largeBlob: true, webauthn:extension:minPinLength: true, webauthn:extension:prf: true, webauthn:virtualAuthenticators: true}
Element: [[ChromeDriver: chrome on windows (417926d88b37bac4bfc7a79fbe65dd74)] -> css selector: [id$='-back-button']]
Session ID: 417926d88b37bac4bfc7a79fbe65dd74
at org.openqa.selenium.remote.ErrorCodec.decode(ErrorCodec.java:167)
at org.openqa.selenium.remote.codec.w3c.W3CHttpResponseCodec.decode(W3CHttpResponseCodec.java:138)
at org.openqa.selenium.remote.codec.w3c.W3CHttpResponseCodec.decode(W3CHttpResponseCodec.java:50)
at org.openqa.selenium.remote.HttpCommandExecutor.execute(HttpCommandExecutor.java:215)
at org.openqa.selenium.remote.service.DriverCommandExecutor.invokeExecute(DriverCommandExecutor.java:216)
at org.openqa.selenium.remote.service.DriverCommandExecutor.execute(DriverCommandExecutor.java:174)
at org.openqa.selenium.remote.RemoteWebDriver.execute(RemoteWebDriver.java:557)
at org.openqa.selenium.remote.RemoteWebElement.execute(RemoteWebElement.java:223)
at org.openqa.selenium.remote.RemoteWebElement.click(RemoteWebElement.java:76)
at tests.ModulesMPTest.BackToMainMenu(ModulesMPTest.java:280)
at tests.ModulesMPTest.ModuleTreatments(ModulesMPTest.java:123)
at java.base/java.util.ArrayList.forEach(ArrayList.java:1604)
at com.intellij.rt.testng.IDEARemoteTestNG.run(IDEARemoteTestNG.java:65)
at com.intellij.rt.testng.RemoteTestNGStarter.main(RemoteTestNGStarter.java:105)
... Removed 25 stack frames]]>
    </failure>
  </testcase> <!-- ModuleTreatments -->
  <testcase classname="tests.ModulesMPTest" name="ModuleBloodProducts" time="37.044"/>
  <testcase classname="tests.ModulesMPTest" name="ModuleSurgicalInterventions" time="30.097"/>
  <testcase classname="tests.ModulesMPTest" name="ModuleDischargeReport" time="30.087"/>
  <testcase classname="tests.ModulesMPTest" name="ModuleDietsAndRecomendations" time="30.127"/>
  <testcase classname="tests.ModulesMPTest" name="ModuleBenefits" time="30.049"/>
  <testcase classname="tests.ModulesMPTest" name="ModuleClinicalReports" time="30.064"/>
  <testcase classname="tests.ModulesMPTest" name="ModuleInterconsultation" time="30.083"/>
  <testcase classname="tests.ModulesMPTest" name="ModuleConsumptions" time="30.053"/>
</testsuite> <!-- SeleniumMaventled -->
