<?xml version="1.0" encoding="UTF-8"?>
<!-- Generated by org.testng.reporters.JUnitXMLReporter -->
<testsuite ignored="2" hostname="TICH-D-P017" failures="0" tests="4" name="Pruebas automatizadas GC Web" time="202.336" errors="0" timestamp="2025-12-15T08:25:35 CET">
  <testcase classname="tests.LoginTest" name="userLogin" time="37.816"/>
  <testcase classname="tests.ModulesMNPTest" name="Login" time="30.829"/>
  <testcase classname="tests.ModulesMNPTest" name="ModuleEmergency" time="65.065"/>
  <testcase classname="tests.ModulesMNPTest" name="ModuleHospitalization" time="68.552"/>
  <testcase classname="tests.ClassBaseTest" name="@AfterSuite tearDownSuite" time="0.0">
    <ignored/>
  </testcase> <!-- @AfterSuite tearDownSuite -->
  <testcase classname="tests.ClassBaseTest" name="@BeforeSuite setUpSuite" time="0.0">
    <ignored/>
  </testcase> <!-- @BeforeSuite setUpSuite -->
</testsuite> <!-- Pruebas automatizadas GC Web -->
