<?xml version="1.0" encoding="UTF-8"?>
<testng-results ignored="0" total="15" passed="13" failed="2" skipped="0">
  <reporter-output>
    <line>
      <![CDATA[⚠ El paciente ya está en urgencias.]]>
    </line>
    <line>
      <![CDATA[⚠ El paciente ya tiene el triaje hecho.]]>
    </line>
    <line>
      <![CDATA[⚠ El botón de asignar enfermería NO está presente (posible falta de permisos).]]>
    </line>
  </reporter-output>
  <suite started-at="2025-12-05T07:27:18 CET" name="All Test Suite" finished-at="2025-12-05T07:33:57 CET" duration-ms="399809">
    <groups>
    </groups>
    <test started-at="2025-12-05T07:27:18 CET" name="Pruebas automatizadas GC Web" finished-at="2025-12-05T07:33:57 CET" duration-ms="399809">
      <class name="tests.LoginTest">
        <test-method signature="userLogin()[pri:0, instance:tests.LoginTest@545997b1]" started-at="2025-12-05T07:27:18 CET" name="userLogin" finished-at="2025-12-05T07:27:57 CET" duration-ms="39236" status="PASS">
          <reporter-output>
          </reporter-output>
        </test-method> <!-- userLogin -->
      </class> <!-- tests.LoginTest -->
      <class name="tests.EmergencyWLTest">
        <test-method signature="EnterEmergencyWL()[pri:1, instance:tests.EmergencyWLTest@548ad73b]" started-at="2025-12-05T07:27:57 CET" name="EnterEmergencyWL" finished-at="2025-12-05T07:28:30 CET" duration-ms="33237" status="PASS">
          <reporter-output>
          </reporter-output>
        </test-method> <!-- EnterEmergencyWL -->
        <test-method signature="CreateEmergencySheet()[pri:2, instance:tests.EmergencyWLTest@548ad73b]" started-at="2025-12-05T07:28:30 CET" name="CreateEmergencySheet" finished-at="2025-12-05T07:28:34 CET" depends-on-methods="tests.EmergencyWLTest.EnterEmergencyWL" duration-ms="3508" status="PASS">
          <reporter-output>
            <line>
              <![CDATA[⚠ El paciente ya está en urgencias.]]>
            </line>
          </reporter-output>
        </test-method> <!-- CreateEmergencySheet -->
        <test-method signature="SeeEmergencyHistory()[pri:3, instance:tests.EmergencyWLTest@548ad73b]" started-at="2025-12-05T07:28:34 CET" name="SeeEmergencyHistory" finished-at="2025-12-05T07:28:38 CET" depends-on-methods="tests.EmergencyWLTest.EnterEmergencyWL, tests.EmergencyWLTest.CreateEmergencySheet" duration-ms="4695" status="PASS">
          <reporter-output>
          </reporter-output>
        </test-method> <!-- SeeEmergencyHistory -->
        <test-method signature="AttendTriage()[pri:4, instance:tests.EmergencyWLTest@548ad73b]" started-at="2025-12-05T07:28:38 CET" name="AttendTriage" finished-at="2025-12-05T07:28:43 CET" depends-on-methods="tests.EmergencyWLTest.EnterEmergencyWL, tests.EmergencyWLTest.CreateEmergencySheet" duration-ms="4662" status="PASS">
          <reporter-output>
            <line>
              <![CDATA[⚠ El paciente ya tiene el triaje hecho.]]>
            </line>
          </reporter-output>
        </test-method> <!-- AttendTriage -->
        <test-method signature="SeeTriage()[pri:5, instance:tests.EmergencyWLTest@548ad73b]" started-at="2025-12-05T07:28:43 CET" name="SeeTriage" finished-at="2025-12-05T07:28:49 CET" depends-on-methods="tests.EmergencyWLTest.EnterEmergencyWL, tests.EmergencyWLTest.CreateEmergencySheet, tests.EmergencyWLTest.AttendTriage" duration-ms="5688" status="PASS">
          <reporter-output>
          </reporter-output>
        </test-method> <!-- SeeTriage -->
        <test-method signature="AssignDoctor()[pri:6, instance:tests.EmergencyWLTest@548ad73b]" started-at="2025-12-05T07:28:49 CET" name="AssignDoctor" finished-at="2025-12-05T07:28:54 CET" depends-on-methods="tests.EmergencyWLTest.EnterEmergencyWL, tests.EmergencyWLTest.CreateEmergencySheet" duration-ms="5251" status="PASS">
          <reporter-output>
          </reporter-output>
        </test-method> <!-- AssignDoctor -->
        <test-method signature="AssignNurse()[pri:6, instance:tests.EmergencyWLTest@548ad73b]" started-at="2025-12-05T07:28:54 CET" name="AssignNurse" finished-at="2025-12-05T07:29:29 CET" depends-on-methods="tests.EmergencyWLTest.EnterEmergencyWL, tests.EmergencyWLTest.CreateEmergencySheet" duration-ms="34533" status="PASS">
          <reporter-output>
            <line>
              <![CDATA[⚠ El botón de asignar enfermería NO está presente (posible falta de permisos).]]>
            </line>
          </reporter-output>
        </test-method> <!-- AssignNurse -->
        <test-method signature="ChangePriority()[pri:7, instance:tests.EmergencyWLTest@548ad73b]" started-at="2025-12-05T07:29:29 CET" name="ChangePriority" finished-at="2025-12-05T07:29:33 CET" depends-on-methods="tests.EmergencyWLTest.EnterEmergencyWL, tests.EmergencyWLTest.CreateEmergencySheet" duration-ms="4678" status="PASS">
          <reporter-output>
          </reporter-output>
        </test-method> <!-- ChangePriority -->
        <test-method signature="ChangeEmergencyType()[pri:8, instance:tests.EmergencyWLTest@548ad73b]" started-at="2025-12-05T07:29:33 CET" name="ChangeEmergencyType" finished-at="2025-12-05T07:29:38 CET" depends-on-methods="tests.EmergencyWLTest.EnterEmergencyWL, tests.EmergencyWLTest.CreateEmergencySheet" duration-ms="4775" status="PASS">
          <reporter-output>
          </reporter-output>
        </test-method> <!-- ChangeEmergencyType -->
        <test-method signature="AttendEmergency()[pri:9, instance:tests.EmergencyWLTest@548ad73b]" started-at="2025-12-05T07:29:38 CET" name="AttendEmergency" finished-at="2025-12-05T07:30:19 CET" depends-on-methods="tests.EmergencyWLTest.EnterEmergencyWL, tests.EmergencyWLTest.CreateEmergencySheet" duration-ms="41524" status="PASS">
          <reporter-output>
          </reporter-output>
        </test-method> <!-- AttendEmergency -->
        <test-method signature="MoveToBox()[pri:9, instance:tests.EmergencyWLTest@548ad73b]" started-at="2025-12-05T07:30:19 CET" name="MoveToBox" finished-at="2025-12-05T07:30:27 CET" depends-on-methods="tests.EmergencyWLTest.EnterEmergencyWL, tests.EmergencyWLTest.CreateEmergencySheet" duration-ms="7941" status="PASS">
          <reporter-output>
          </reporter-output>
        </test-method> <!-- MoveToBox -->
        <test-method signature="CreateEmergencyAnamnesis()[pri:10, instance:tests.EmergencyWLTest@548ad73b]" started-at="2025-12-05T07:30:27 CET" name="CreateEmergencyAnamnesis" finished-at="2025-12-05T07:33:24 CET" depends-on-methods="tests.EmergencyWLTest.EnterEmergencyWL, tests.EmergencyWLTest.CreateEmergencySheet, tests.EmergencyWLTest.AttendEmergency" duration-ms="177053" status="PASS">
          <reporter-output>
          </reporter-output>
        </test-method> <!-- CreateEmergencyAnamnesis -->
        <test-method signature="CreateEmergencyEvolution()[pri:11, instance:tests.EmergencyWLTest@548ad73b]" started-at="2025-12-05T07:33:24 CET" name="CreateEmergencyEvolution" finished-at="2025-12-05T07:33:56 CET" depends-on-methods="tests.EmergencyWLTest.EnterEmergencyWL, tests.EmergencyWLTest.CreateEmergencyAnamnesis, tests.EmergencyWLTest.CreateEmergencySheet, tests.EmergencyWLTest.AttendEmergency" duration-ms="31889" status="FAIL">
          <exception class="org.openqa.selenium.TimeoutException">
            <message>
              <![CDATA[Expected condition failed: waiting for presence of element located by: By.cssSelector: div.angular-editor-textarea (tried for 20 second(s) with 500 milliseconds interval)]]>
            </message>
            <full-stacktrace>
              <![CDATA[org.openqa.selenium.TimeoutException: Expected condition failed: waiting for presence of element located by: By.cssSelector: div.angular-editor-textarea (tried for 20 second(s) with 500 milliseconds interval)
at org.openqa.selenium.support.ui.WebDriverWait.timeoutException(WebDriverWait.java:84)
at org.openqa.selenium.support.ui.FluentWait.until(FluentWait.java:228)
at tests.EmergencyWLTest.CreateEmergencyEvolution(EmergencyWLTest.java:413)
at java.base/jdk.internal.reflect.DirectMethodHandleAccessor.invoke(DirectMethodHandleAccessor.java:104)
at java.base/java.lang.reflect.Method.invoke(Method.java:565)
at org.testng.internal.invokers.MethodInvocationHelper.invokeMethod(MethodInvocationHelper.java:141)
at org.testng.internal.invokers.TestInvoker.invokeMethod(TestInvoker.java:687)
at org.testng.internal.invokers.TestInvoker.invokeTestMethod(TestInvoker.java:230)
at org.testng.internal.invokers.MethodRunner.runInSequence(MethodRunner.java:63)
at org.testng.internal.invokers.TestInvoker$MethodInvocationAgent.invoke(TestInvoker.java:995)
at org.testng.internal.invokers.TestInvoker.invokeTestMethods(TestInvoker.java:203)
at org.testng.internal.invokers.TestMethodWorker.invokeTestMethods(TestMethodWorker.java:154)
at org.testng.internal.invokers.TestMethodWorker.run(TestMethodWorker.java:134)
at java.base/java.util.ArrayList.forEach(ArrayList.java:1604)
at org.testng.TestRunner.privateRun(TestRunner.java:741)
at org.testng.TestRunner.run(TestRunner.java:616)
at org.testng.SuiteRunner.runTest(SuiteRunner.java:421)
at org.testng.SuiteRunner.runSequentially(SuiteRunner.java:413)
at org.testng.SuiteRunner.privateRun(SuiteRunner.java:373)
at org.testng.SuiteRunner.run(SuiteRunner.java:312)
at org.testng.SuiteRunnerWorker.runSuite(SuiteRunnerWorker.java:52)
at org.testng.SuiteRunnerWorker.run(SuiteRunnerWorker.java:95)
at org.testng.TestNG.runSuitesSequentially(TestNG.java:1274)
at org.testng.TestNG.runSuitesLocally(TestNG.java:1208)
at org.testng.TestNG.runSuites(TestNG.java:1112)
at org.testng.TestNG.run(TestNG.java:1079)
at TestLauncher.main(TestLauncher.java:22)
Caused by: org.openqa.selenium.NoSuchElementException: no such element: Unable to locate element: {"method":"css selector","selector":"div.angular-editor-textarea"}
  (Session info: chrome=142.0.7444.176)
For documentation on this error, please visit: https://www.selenium.dev/documentation/webdriver/troubleshooting/errors#nosuchelementexception
Build info: version: '4.36.0', revision: '6d115cfd87'
System info: os.name: 'Windows 11', os.arch: 'amd64', os.version: '10.0', java.version: '25'
Driver info: org.openqa.selenium.chrome.ChromeDriver
Command: [e3f2bb03a5d430c4ee4a2cd2d654bf8f, findElement {value=div.angular-editor-textarea, using=css selector}]
Capabilities {acceptInsecureCerts: false, browserName: chrome, browserVersion: 142.0.7444.176, chrome: {chromedriverVersion: 141.0.7390.76 (d6fcfbb51aac..., userDataDir: C:\Users\OSCAR~1.VIL\AppDat...}, fedcm:accounts: true, goog:chromeOptions: {debuggerAddress: localhost:49806}, networkConnectionEnabled: false, pageLoadStrategy: normal, platformName: windows, proxy: Proxy(), se:cdp: ws://localhost:49806/devtoo..., se:cdpVersion: 142.0.7444.176, setWindowRect: true, strictFileInteractability: false, timeouts: {implicit: 0, pageLoad: 300000, script: 30000}, unhandledPromptBehavior: dismiss and notify, webauthn:extension:credBlob: true, webauthn:extension:largeBlob: true, webauthn:extension:minPinLength: true, webauthn:extension:prf: true, webauthn:virtualAuthenticators: true}
Session ID: e3f2bb03a5d430c4ee4a2cd2d654bf8f
at java.base/jdk.internal.reflect.DirectConstructorHandleAccessor.newInstance(DirectConstructorHandleAccessor.java:62)
at java.base/java.lang.reflect.Constructor.newInstanceWithCaller(Constructor.java:499)
at java.base/java.lang.reflect.Constructor.newInstance(Constructor.java:483)
at org.openqa.selenium.remote.ErrorCodec.decode(ErrorCodec.java:167)
at org.openqa.selenium.remote.codec.w3c.W3CHttpResponseCodec.decode(W3CHttpResponseCodec.java:138)
at org.openqa.selenium.remote.codec.w3c.W3CHttpResponseCodec.decode(W3CHttpResponseCodec.java:50)
at org.openqa.selenium.remote.HttpCommandExecutor.execute(HttpCommandExecutor.java:215)
at org.openqa.selenium.remote.service.DriverCommandExecutor.invokeExecute(DriverCommandExecutor.java:216)
at org.openqa.selenium.remote.service.DriverCommandExecutor.execute(DriverCommandExecutor.java:174)
at org.openqa.selenium.remote.RemoteWebDriver.execute(RemoteWebDriver.java:557)
at org.openqa.selenium.remote.ElementLocation$ElementFinder$2.findElement(ElementLocation.java:165)
at org.openqa.selenium.remote.ElementLocation.findElement(ElementLocation.java:59)
at org.openqa.selenium.remote.RemoteWebDriver.findElement(RemoteWebDriver.java:380)
at org.openqa.selenium.remote.RemoteWebDriver.findElement(RemoteWebDriver.java:374)
at org.openqa.selenium.support.ui.ExpectedConditions$6.apply(ExpectedConditions.java:171)
at org.openqa.selenium.support.ui.ExpectedConditions$6.apply(ExpectedConditions.java:168)
at org.openqa.selenium.support.ui.FluentWait.until(FluentWait.java:203)
... 25 more
]]>
            </full-stacktrace>
          </exception> <!-- org.openqa.selenium.TimeoutException -->
          <reporter-output>
          </reporter-output>
        </test-method> <!-- CreateEmergencyEvolution -->
        <test-method signature="DichargeEmergency()[pri:100, instance:tests.EmergencyWLTest@548ad73b]" started-at="2025-12-05T07:33:56 CET" name="DichargeEmergency" finished-at="2025-12-05T07:33:57 CET" depends-on-methods="tests.EmergencyWLTest.EnterEmergencyWL, tests.EmergencyWLTest.CreateEmergencySheet, tests.EmergencyWLTest.AttendEmergency" duration-ms="1098" status="FAIL">
          <exception class="org.openqa.selenium.ElementClickInterceptedException">
            <message>
              <![CDATA[element click intercepted: Element <span _ngcontent-ng-c2346255050="" class="module-property d-inline-flex ml-2 text-label ng-tns-c2346255050-24" id="discharge_report-sidebar">...</span> is not clickable at point (81, 973). Other element would receive the click: <div class="cdk-overlay-backdrop cdk-overlay-dark-backdrop cdk-overlay-backdrop-showing"></div>
  (Session info: chrome=142.0.7444.176)
Build info: version: '4.36.0', revision: '6d115cfd87'
System info: os.name: 'Windows 11', os.arch: 'amd64', os.version: '10.0', java.version: '25'
Driver info: org.openqa.selenium.chrome.ChromeDriver
Command: [e3f2bb03a5d430c4ee4a2cd2d654bf8f, clickElement {id=f.C06C6377B17761B0B9188B30B1367E05.d.B62F420D7DAC177D4978B764472482CF.e.280}]
Capabilities {acceptInsecureCerts: false, browserName: chrome, browserVersion: 142.0.7444.176, chrome: {chromedriverVersion: 141.0.7390.76 (d6fcfbb51aac..., userDataDir: C:\Users\OSCAR~1.VIL\AppDat...}, fedcm:accounts: true, goog:chromeOptions: {debuggerAddress: localhost:49806}, networkConnectionEnabled: false, pageLoadStrategy: normal, platformName: windows, proxy: Proxy(), se:cdp: ws://localhost:49806/devtoo..., se:cdpVersion: 142.0.7444.176, setWindowRect: true, strictFileInteractability: false, timeouts: {implicit: 0, pageLoad: 300000, script: 30000}, unhandledPromptBehavior: dismiss and notify, webauthn:extension:credBlob: true, webauthn:extension:largeBlob: true, webauthn:extension:minPinLength: true, webauthn:extension:prf: true, webauthn:virtualAuthenticators: true}
Element: [[ChromeDriver: chrome on windows (e3f2bb03a5d430c4ee4a2cd2d654bf8f)] -> id: discharge_report-sidebar]
Session ID: e3f2bb03a5d430c4ee4a2cd2d654bf8f]]>
            </message>
            <full-stacktrace>
              <![CDATA[org.openqa.selenium.ElementClickInterceptedException: element click intercepted: Element <span _ngcontent-ng-c2346255050="" class="module-property d-inline-flex ml-2 text-label ng-tns-c2346255050-24" id="discharge_report-sidebar">...</span> is not clickable at point (81, 973). Other element would receive the click: <div class="cdk-overlay-backdrop cdk-overlay-dark-backdrop cdk-overlay-backdrop-showing"></div>
  (Session info: chrome=142.0.7444.176)
Build info: version: '4.36.0', revision: '6d115cfd87'
System info: os.name: 'Windows 11', os.arch: 'amd64', os.version: '10.0', java.version: '25'
Driver info: org.openqa.selenium.chrome.ChromeDriver
Command: [e3f2bb03a5d430c4ee4a2cd2d654bf8f, clickElement {id=f.C06C6377B17761B0B9188B30B1367E05.d.B62F420D7DAC177D4978B764472482CF.e.280}]
Capabilities {acceptInsecureCerts: false, browserName: chrome, browserVersion: 142.0.7444.176, chrome: {chromedriverVersion: 141.0.7390.76 (d6fcfbb51aac..., userDataDir: C:\Users\OSCAR~1.VIL\AppDat...}, fedcm:accounts: true, goog:chromeOptions: {debuggerAddress: localhost:49806}, networkConnectionEnabled: false, pageLoadStrategy: normal, platformName: windows, proxy: Proxy(), se:cdp: ws://localhost:49806/devtoo..., se:cdpVersion: 142.0.7444.176, setWindowRect: true, strictFileInteractability: false, timeouts: {implicit: 0, pageLoad: 300000, script: 30000}, unhandledPromptBehavior: dismiss and notify, webauthn:extension:credBlob: true, webauthn:extension:largeBlob: true, webauthn:extension:minPinLength: true, webauthn:extension:prf: true, webauthn:virtualAuthenticators: true}
Element: [[ChromeDriver: chrome on windows (e3f2bb03a5d430c4ee4a2cd2d654bf8f)] -> id: discharge_report-sidebar]
Session ID: e3f2bb03a5d430c4ee4a2cd2d654bf8f
at java.base/jdk.internal.reflect.DirectConstructorHandleAccessor.newInstance(DirectConstructorHandleAccessor.java:62)
at java.base/java.lang.reflect.Constructor.newInstanceWithCaller(Constructor.java:499)
at java.base/java.lang.reflect.Constructor.newInstance(Constructor.java:483)
at org.openqa.selenium.remote.ErrorCodec.decode(ErrorCodec.java:167)
at org.openqa.selenium.remote.codec.w3c.W3CHttpResponseCodec.decode(W3CHttpResponseCodec.java:138)
at org.openqa.selenium.remote.codec.w3c.W3CHttpResponseCodec.decode(W3CHttpResponseCodec.java:50)
at org.openqa.selenium.remote.HttpCommandExecutor.execute(HttpCommandExecutor.java:215)
at org.openqa.selenium.remote.service.DriverCommandExecutor.invokeExecute(DriverCommandExecutor.java:216)
at org.openqa.selenium.remote.service.DriverCommandExecutor.execute(DriverCommandExecutor.java:174)
at org.openqa.selenium.remote.RemoteWebDriver.execute(RemoteWebDriver.java:557)
at org.openqa.selenium.remote.RemoteWebElement.execute(RemoteWebElement.java:223)
at org.openqa.selenium.remote.RemoteWebElement.click(RemoteWebElement.java:76)
at tests.EmergencyWLTest.DichargeEmergency(EmergencyWLTest.java:430)
at java.base/jdk.internal.reflect.DirectMethodHandleAccessor.invoke(DirectMethodHandleAccessor.java:104)
at java.base/java.lang.reflect.Method.invoke(Method.java:565)
at org.testng.internal.invokers.MethodInvocationHelper.invokeMethod(MethodInvocationHelper.java:141)
at org.testng.internal.invokers.TestInvoker.invokeMethod(TestInvoker.java:687)
at org.testng.internal.invokers.TestInvoker.invokeTestMethod(TestInvoker.java:230)
at org.testng.internal.invokers.MethodRunner.runInSequence(MethodRunner.java:63)
at org.testng.internal.invokers.TestInvoker$MethodInvocationAgent.invoke(TestInvoker.java:995)
at org.testng.internal.invokers.TestInvoker.invokeTestMethods(TestInvoker.java:203)
at org.testng.internal.invokers.TestMethodWorker.invokeTestMethods(TestMethodWorker.java:154)
at org.testng.internal.invokers.TestMethodWorker.run(TestMethodWorker.java:134)
at java.base/java.util.ArrayList.forEach(ArrayList.java:1604)
at org.testng.TestRunner.privateRun(TestRunner.java:741)
at org.testng.TestRunner.run(TestRunner.java:616)
at org.testng.SuiteRunner.runTest(SuiteRunner.java:421)
at org.testng.SuiteRunner.runSequentially(SuiteRunner.java:413)
at org.testng.SuiteRunner.privateRun(SuiteRunner.java:373)
at org.testng.SuiteRunner.run(SuiteRunner.java:312)
at org.testng.SuiteRunnerWorker.runSuite(SuiteRunnerWorker.java:52)
at org.testng.SuiteRunnerWorker.run(SuiteRunnerWorker.java:95)
at org.testng.TestNG.runSuitesSequentially(TestNG.java:1274)
at org.testng.TestNG.runSuitesLocally(TestNG.java:1208)
at org.testng.TestNG.runSuites(TestNG.java:1112)
at org.testng.TestNG.run(TestNG.java:1079)
at TestLauncher.main(TestLauncher.java:22)
]]>
            </full-stacktrace>
          </exception> <!-- org.openqa.selenium.ElementClickInterceptedException -->
          <reporter-output>
          </reporter-output>
        </test-method> <!-- DichargeEmergency -->
      </class> <!-- tests.EmergencyWLTest -->
      <class name="tests.UrlTest">
        <test-method is-config="true" signature="setUpSuite()[pri:0, instance:tests.UrlTest@704d6e83]" started-at="2025-12-05T07:27:16 CET" name="setUpSuite" finished-at="2025-12-05T07:27:18 CET" duration-ms="1175" status="PASS">
          <reporter-output>
          </reporter-output>
        </test-method> <!-- setUpSuite -->
        <test-method is-config="true" signature="tearDownSuite()[pri:0, instance:tests.UrlTest@704d6e83]" started-at="2025-12-05T07:33:58 CET" name="tearDownSuite" finished-at="2025-12-05T07:33:58 CET" duration-ms="0" status="PASS">
          <reporter-output>
          </reporter-output>
        </test-method> <!-- tearDownSuite -->
      </class> <!-- tests.UrlTest -->
    </test> <!-- Pruebas automatizadas GC Web -->
  </suite> <!-- All Test Suite -->
</testng-results>
