<?xml version="1.0" encoding="UTF-8"?>
<testng-results ignored="0" total="15" passed="10" failed="3" skipped="2">
  <reporter-output>
    <line>
      <![CDATA[⚠ El botón de asignar enfermería NO está presente (posible falta de permisos).]]>
    </line>
  </reporter-output>
  <suite started-at="2026-03-03T08:48:43 CET" name="All Test Suite" finished-at="2026-03-03T08:51:28 CET" duration-ms="165162">
    <groups>
    </groups>
    <test started-at="2026-03-03T08:48:43 CET" name="Pruebas automatizadas GC Web" finished-at="2026-03-03T08:51:28 CET" duration-ms="165162">
      <class name="tests.EmergencyWLTest">
        <test-method is-config="true" signature="setUpSuite()[pri:0, instance:tests.EmergencyWLTest@765d7657]" started-at="2026-03-03T08:48:42 CET" name="setUpSuite" finished-at="2026-03-03T08:48:43 CET" duration-ms="1386" status="PASS">
          <reporter-output>
          </reporter-output>
        </test-method> <!-- setUpSuite -->
        <test-method signature="EnterEmergencyWL()[pri:1, instance:tests.EmergencyWLTest@765d7657]" started-at="2026-03-03T08:48:43 CET" name="EnterEmergencyWL" finished-at="2026-03-03T08:49:32 CET" duration-ms="48588" status="PASS">
          <reporter-output>
          </reporter-output>
        </test-method> <!-- EnterEmergencyWL -->
        <test-method signature="CreateEmergencySheet()[pri:2, instance:tests.EmergencyWLTest@765d7657]" started-at="2026-03-03T08:49:32 CET" name="CreateEmergencySheet" finished-at="2026-03-03T08:50:15 CET" depends-on-methods="tests.EmergencyWLTest.EnterEmergencyWL" duration-ms="43755" status="PASS">
          <reporter-output>
          </reporter-output>
        </test-method> <!-- CreateEmergencySheet -->
        <test-method signature="SeeEmergencyHistory()[pri:3, instance:tests.EmergencyWLTest@765d7657]" started-at="2026-03-03T08:50:15 CET" name="SeeEmergencyHistory" finished-at="2026-03-03T08:50:20 CET" depends-on-methods="tests.EmergencyWLTest.EnterEmergencyWL, tests.EmergencyWLTest.CreateEmergencySheet" duration-ms="4844" status="PASS">
          <reporter-output>
          </reporter-output>
        </test-method> <!-- SeeEmergencyHistory -->
        <test-method signature="AttendTriage()[pri:4, instance:tests.EmergencyWLTest@765d7657]" started-at="2026-03-03T08:50:20 CET" name="AttendTriage" finished-at="2026-03-03T08:50:28 CET" depends-on-methods="tests.EmergencyWLTest.EnterEmergencyWL, tests.EmergencyWLTest.CreateEmergencySheet" duration-ms="7636" status="PASS">
          <reporter-output>
          </reporter-output>
        </test-method> <!-- AttendTriage -->
        <test-method signature="SeeTriage()[pri:5, instance:tests.EmergencyWLTest@765d7657]" started-at="2026-03-03T08:50:28 CET" name="SeeTriage" finished-at="2026-03-03T08:50:34 CET" depends-on-methods="tests.EmergencyWLTest.EnterEmergencyWL, tests.EmergencyWLTest.CreateEmergencySheet, tests.EmergencyWLTest.AttendTriage" duration-ms="6396" status="PASS">
          <reporter-output>
          </reporter-output>
        </test-method> <!-- SeeTriage -->
        <test-method signature="AssignDoctor()[pri:6, instance:tests.EmergencyWLTest@765d7657]" started-at="2026-03-03T08:50:34 CET" name="AssignDoctor" finished-at="2026-03-03T08:50:40 CET" depends-on-methods="tests.EmergencyWLTest.EnterEmergencyWL, tests.EmergencyWLTest.CreateEmergencySheet" duration-ms="5677" status="PASS">
          <reporter-output>
          </reporter-output>
        </test-method> <!-- AssignDoctor -->
        <test-method signature="AssignNurse()[pri:6, instance:tests.EmergencyWLTest@765d7657]" started-at="2026-03-03T08:50:40 CET" name="AssignNurse" finished-at="2026-03-03T08:51:00 CET" depends-on-methods="tests.EmergencyWLTest.EnterEmergencyWL, tests.EmergencyWLTest.CreateEmergencySheet" duration-ms="19704" status="PASS">
          <reporter-output>
            <line>
              <![CDATA[⚠ El botón de asignar enfermería NO está presente (posible falta de permisos).]]>
            </line>
          </reporter-output>
        </test-method> <!-- AssignNurse -->
        <test-method signature="ChangePriority()[pri:7, instance:tests.EmergencyWLTest@765d7657]" started-at="2026-03-03T08:51:00 CET" name="ChangePriority" finished-at="2026-03-03T08:51:05 CET" depends-on-methods="tests.EmergencyWLTest.EnterEmergencyWL, tests.EmergencyWLTest.CreateEmergencySheet" duration-ms="4750" status="PASS">
          <reporter-output>
          </reporter-output>
        </test-method> <!-- ChangePriority -->
        <test-method signature="ChangeEmergencyType()[pri:8, instance:tests.EmergencyWLTest@765d7657]" started-at="2026-03-03T08:51:05 CET" name="ChangeEmergencyType" finished-at="2026-03-03T08:51:10 CET" depends-on-methods="tests.EmergencyWLTest.EnterEmergencyWL, tests.EmergencyWLTest.CreateEmergencySheet" duration-ms="5213" status="PASS">
          <reporter-output>
          </reporter-output>
        </test-method> <!-- ChangeEmergencyType -->
        <test-method signature="AttendEmergency()[pri:9, instance:tests.EmergencyWLTest@765d7657]" started-at="2026-03-03T08:51:10 CET" name="AttendEmergency" finished-at="2026-03-03T08:51:18 CET" depends-on-methods="tests.EmergencyWLTest.EnterEmergencyWL, tests.EmergencyWLTest.CreateEmergencySheet" duration-ms="8240" status="PASS">
          <reporter-output>
          </reporter-output>
        </test-method> <!-- AttendEmergency -->
        <test-method signature="MoveToBox()[pri:9, instance:tests.EmergencyWLTest@765d7657]" started-at="2026-03-03T08:51:18 CET" name="MoveToBox" finished-at="2026-03-03T08:51:26 CET" depends-on-methods="tests.EmergencyWLTest.EnterEmergencyWL, tests.EmergencyWLTest.CreateEmergencySheet" duration-ms="8008" status="FAIL">
          <exception class="org.openqa.selenium.ElementClickInterceptedException">
            <message>
              <![CDATA[element click intercepted: Element <div class="cdk-overlay-backdrop cdk-overlay-transparent-backdrop cdk-overlay-backdrop-showing"></div> is not clickable at point (960, 506). Other element would receive the click: <div _ngcontent-ng-c1594576502="" mattooltipposition="above" mattooltipclass="custom-tooltip" class="mat-tooltip-trigger d-flex align-items-center ng-star-inserted">...</div>
  (Session info: chrome=145.0.7632.117)
Build info: version: '4.36.0', revision: '6d115cfd87'
System info: os.name: 'Windows 11', os.arch: 'amd64', os.version: '10.0', java.version: '25'
Driver info: org.openqa.selenium.chrome.ChromeDriver
Command: [36b6e9734b5929b144357509a3170729, clickElement {id=f.E332741DC3BAE42AE4A2DA3C08D0B5D4.d.7817EA6D757915D4A3C51CEF34A02C27.e.362}]
Capabilities {acceptInsecureCerts: false, browserName: chrome, browserVersion: 145.0.7632.117, chrome: {chromedriverVersion: 145.0.7632.117 (de4e5d6e13b..., userDataDir: C:\Users\OSCAR~1.VIL\AppDat...}, fedcm:accounts: true, goog:chromeOptions: {debuggerAddress: localhost:65132}, goog:processID: 19120, networkConnectionEnabled: false, pageLoadStrategy: normal, platformName: windows, proxy: Proxy(), se:cdp: ws://localhost:65132/devtoo..., se:cdpVersion: 145.0.7632.117, setWindowRect: true, strictFileInteractability: false, timeouts: {implicit: 0, pageLoad: 300000, script: 30000}, unhandledPromptBehavior: dismiss and notify, webauthn:extension:credBlob: true, webauthn:extension:largeBlob: true, webauthn:extension:minPinLength: true, webauthn:extension:prf: true, webauthn:virtualAuthenticators: true}
Element: [[ChromeDriver: chrome on windows (36b6e9734b5929b144357509a3170729)] -> css selector: div.cdk-overlay-backdrop.cdk-overlay-backdrop-showing]
Session ID: 36b6e9734b5929b144357509a3170729]]>
            </message>
            <full-stacktrace>
              <![CDATA[org.openqa.selenium.ElementClickInterceptedException: element click intercepted: Element <div class="cdk-overlay-backdrop cdk-overlay-transparent-backdrop cdk-overlay-backdrop-showing"></div> is not clickable at point (960, 506). Other element would receive the click: <div _ngcontent-ng-c1594576502="" mattooltipposition="above" mattooltipclass="custom-tooltip" class="mat-tooltip-trigger d-flex align-items-center ng-star-inserted">...</div>
  (Session info: chrome=145.0.7632.117)
Build info: version: '4.36.0', revision: '6d115cfd87'
System info: os.name: 'Windows 11', os.arch: 'amd64', os.version: '10.0', java.version: '25'
Driver info: org.openqa.selenium.chrome.ChromeDriver
Command: [36b6e9734b5929b144357509a3170729, clickElement {id=f.E332741DC3BAE42AE4A2DA3C08D0B5D4.d.7817EA6D757915D4A3C51CEF34A02C27.e.362}]
Capabilities {acceptInsecureCerts: false, browserName: chrome, browserVersion: 145.0.7632.117, chrome: {chromedriverVersion: 145.0.7632.117 (de4e5d6e13b..., userDataDir: C:\Users\OSCAR~1.VIL\AppDat...}, fedcm:accounts: true, goog:chromeOptions: {debuggerAddress: localhost:65132}, goog:processID: 19120, networkConnectionEnabled: false, pageLoadStrategy: normal, platformName: windows, proxy: Proxy(), se:cdp: ws://localhost:65132/devtoo..., se:cdpVersion: 145.0.7632.117, setWindowRect: true, strictFileInteractability: false, timeouts: {implicit: 0, pageLoad: 300000, script: 30000}, unhandledPromptBehavior: dismiss and notify, webauthn:extension:credBlob: true, webauthn:extension:largeBlob: true, webauthn:extension:minPinLength: true, webauthn:extension:prf: true, webauthn:virtualAuthenticators: true}
Element: [[ChromeDriver: chrome on windows (36b6e9734b5929b144357509a3170729)] -> css selector: div.cdk-overlay-backdrop.cdk-overlay-backdrop-showing]
Session ID: 36b6e9734b5929b144357509a3170729
at java.base/jdk.internal.reflect.DirectConstructorHandleAccessor.newInstance(DirectConstructorHandleAccessor.java:62)
at java.base/java.lang.reflect.Constructor.newInstanceWithCaller(Constructor.java:499)
at java.base/java.lang.reflect.Constructor.newInstance(Constructor.java:483)
at org.openqa.selenium.remote.ErrorCodec.decode(ErrorCodec.java:167)
at org.openqa.selenium.remote.codec.w3c.W3CHttpResponseCodec.decode(W3CHttpResponseCodec.java:138)
at org.openqa.selenium.remote.codec.w3c.W3CHttpResponseCodec.decode(W3CHttpResponseCodec.java:50)
at org.openqa.selenium.remote.HttpCommandExecutor.execute(HttpCommandExecutor.java:215)
at org.openqa.selenium.remote.service.DriverCommandExecutor.invokeExecute(DriverCommandExecutor.java:216)
at org.openqa.selenium.remote.service.DriverCommandExecutor.execute(DriverCommandExecutor.java:174)
at org.openqa.selenium.remote.RemoteWebDriver.execute(RemoteWebDriver.java:557)
at org.openqa.selenium.remote.RemoteWebElement.execute(RemoteWebElement.java:223)
at org.openqa.selenium.remote.RemoteWebElement.click(RemoteWebElement.java:76)
at tests.EmergencyWLTest.CloseActionMenu(EmergencyWLTest.java:608)
at tests.EmergencyWLTest.MoveToBox(EmergencyWLTest.java:315)
at java.base/jdk.internal.reflect.DirectMethodHandleAccessor.invoke(DirectMethodHandleAccessor.java:104)
at java.base/java.lang.reflect.Method.invoke(Method.java:565)
at org.testng.internal.invokers.MethodInvocationHelper.invokeMethod(MethodInvocationHelper.java:141)
at org.testng.internal.invokers.TestInvoker.invokeMethod(TestInvoker.java:687)
at org.testng.internal.invokers.TestInvoker.invokeTestMethod(TestInvoker.java:230)
at org.testng.internal.invokers.MethodRunner.runInSequence(MethodRunner.java:63)
at org.testng.internal.invokers.TestInvoker$MethodInvocationAgent.invoke(TestInvoker.java:995)
at org.testng.internal.invokers.TestInvoker.invokeTestMethods(TestInvoker.java:203)
at org.testng.internal.invokers.TestMethodWorker.invokeTestMethods(TestMethodWorker.java:154)
at org.testng.internal.invokers.TestMethodWorker.run(TestMethodWorker.java:134)
at java.base/java.util.ArrayList.forEach(ArrayList.java:1604)
at org.testng.TestRunner.privateRun(TestRunner.java:741)
at org.testng.TestRunner.run(TestRunner.java:616)
at org.testng.SuiteRunner.runTest(SuiteRunner.java:421)
at org.testng.SuiteRunner.runSequentially(SuiteRunner.java:413)
at org.testng.SuiteRunner.privateRun(SuiteRunner.java:373)
at org.testng.SuiteRunner.run(SuiteRunner.java:312)
at org.testng.SuiteRunnerWorker.runSuite(SuiteRunnerWorker.java:52)
at org.testng.SuiteRunnerWorker.run(SuiteRunnerWorker.java:95)
at org.testng.TestNG.runSuitesSequentially(TestNG.java:1274)
at org.testng.TestNG.runSuitesLocally(TestNG.java:1208)
at org.testng.TestNG.runSuites(TestNG.java:1112)
at org.testng.TestNG.run(TestNG.java:1079)
at com.intellij.rt.testng.IDEARemoteTestNG.run(IDEARemoteTestNG.java:65)
at com.intellij.rt.testng.RemoteTestNGStarter.main(RemoteTestNGStarter.java:105)
]]>
            </full-stacktrace>
          </exception> <!-- org.openqa.selenium.ElementClickInterceptedException -->
          <reporter-output>
          </reporter-output>
        </test-method> <!-- MoveToBox -->
        <test-method signature="CreateEmergencyAnamnesis()[pri:10, instance:tests.EmergencyWLTest@765d7657]" started-at="2026-03-03T08:51:26 CET" name="CreateEmergencyAnamnesis" finished-at="2026-03-03T08:51:27 CET" depends-on-methods="tests.EmergencyWLTest.EnterEmergencyWL, tests.EmergencyWLTest.CreateEmergencySheet" duration-ms="1145" status="FAIL">
          <exception class="org.openqa.selenium.ElementClickInterceptedException">
            <message>
              <![CDATA[element click intercepted: Element <button _ngcontent-ng-c538034977="" mat-button="" class="mat-focus-indicator mat-button mat-button-base ng-star-inserted" type="submit" id="filters-button-emergencyGridId">...</button> is not clickable at point (463, 155). Other element would receive the click: <div class="cdk-overlay-backdrop cdk-overlay-transparent-backdrop cdk-overlay-backdrop-showing"></div>
  (Session info: chrome=145.0.7632.117)
Build info: version: '4.36.0', revision: '6d115cfd87'
System info: os.name: 'Windows 11', os.arch: 'amd64', os.version: '10.0', java.version: '25'
Driver info: org.openqa.selenium.chrome.ChromeDriver
Command: [36b6e9734b5929b144357509a3170729, clickElement {id=f.E332741DC3BAE42AE4A2DA3C08D0B5D4.d.7817EA6D757915D4A3C51CEF34A02C27.e.26}]
Capabilities {acceptInsecureCerts: false, browserName: chrome, browserVersion: 145.0.7632.117, chrome: {chromedriverVersion: 145.0.7632.117 (de4e5d6e13b..., userDataDir: C:\Users\OSCAR~1.VIL\AppDat...}, fedcm:accounts: true, goog:chromeOptions: {debuggerAddress: localhost:65132}, goog:processID: 19120, networkConnectionEnabled: false, pageLoadStrategy: normal, platformName: windows, proxy: Proxy(), se:cdp: ws://localhost:65132/devtoo..., se:cdpVersion: 145.0.7632.117, setWindowRect: true, strictFileInteractability: false, timeouts: {implicit: 0, pageLoad: 300000, script: 30000}, unhandledPromptBehavior: dismiss and notify, webauthn:extension:credBlob: true, webauthn:extension:largeBlob: true, webauthn:extension:minPinLength: true, webauthn:extension:prf: true, webauthn:virtualAuthenticators: true}
Element: [[ChromeDriver: chrome on windows (36b6e9734b5929b144357509a3170729)] -> id: filters-button-emergencyGridId]
Session ID: 36b6e9734b5929b144357509a3170729]]>
            </message>
            <full-stacktrace>
              <![CDATA[org.openqa.selenium.ElementClickInterceptedException: element click intercepted: Element <button _ngcontent-ng-c538034977="" mat-button="" class="mat-focus-indicator mat-button mat-button-base ng-star-inserted" type="submit" id="filters-button-emergencyGridId">...</button> is not clickable at point (463, 155). Other element would receive the click: <div class="cdk-overlay-backdrop cdk-overlay-transparent-backdrop cdk-overlay-backdrop-showing"></div>
  (Session info: chrome=145.0.7632.117)
Build info: version: '4.36.0', revision: '6d115cfd87'
System info: os.name: 'Windows 11', os.arch: 'amd64', os.version: '10.0', java.version: '25'
Driver info: org.openqa.selenium.chrome.ChromeDriver
Command: [36b6e9734b5929b144357509a3170729, clickElement {id=f.E332741DC3BAE42AE4A2DA3C08D0B5D4.d.7817EA6D757915D4A3C51CEF34A02C27.e.26}]
Capabilities {acceptInsecureCerts: false, browserName: chrome, browserVersion: 145.0.7632.117, chrome: {chromedriverVersion: 145.0.7632.117 (de4e5d6e13b..., userDataDir: C:\Users\OSCAR~1.VIL\AppDat...}, fedcm:accounts: true, goog:chromeOptions: {debuggerAddress: localhost:65132}, goog:processID: 19120, networkConnectionEnabled: false, pageLoadStrategy: normal, platformName: windows, proxy: Proxy(), se:cdp: ws://localhost:65132/devtoo..., se:cdpVersion: 145.0.7632.117, setWindowRect: true, strictFileInteractability: false, timeouts: {implicit: 0, pageLoad: 300000, script: 30000}, unhandledPromptBehavior: dismiss and notify, webauthn:extension:credBlob: true, webauthn:extension:largeBlob: true, webauthn:extension:minPinLength: true, webauthn:extension:prf: true, webauthn:virtualAuthenticators: true}
Element: [[ChromeDriver: chrome on windows (36b6e9734b5929b144357509a3170729)] -> id: filters-button-emergencyGridId]
Session ID: 36b6e9734b5929b144357509a3170729
at java.base/jdk.internal.reflect.DirectConstructorHandleAccessor.newInstance(DirectConstructorHandleAccessor.java:62)
at java.base/java.lang.reflect.Constructor.newInstanceWithCaller(Constructor.java:499)
at java.base/java.lang.reflect.Constructor.newInstance(Constructor.java:483)
at org.openqa.selenium.remote.ErrorCodec.decode(ErrorCodec.java:167)
at org.openqa.selenium.remote.codec.w3c.W3CHttpResponseCodec.decode(W3CHttpResponseCodec.java:138)
at org.openqa.selenium.remote.codec.w3c.W3CHttpResponseCodec.decode(W3CHttpResponseCodec.java:50)
at org.openqa.selenium.remote.HttpCommandExecutor.execute(HttpCommandExecutor.java:215)
at org.openqa.selenium.remote.service.DriverCommandExecutor.invokeExecute(DriverCommandExecutor.java:216)
at org.openqa.selenium.remote.service.DriverCommandExecutor.execute(DriverCommandExecutor.java:174)
at org.openqa.selenium.remote.RemoteWebDriver.execute(RemoteWebDriver.java:557)
at org.openqa.selenium.remote.RemoteWebElement.execute(RemoteWebElement.java:223)
at org.openqa.selenium.remote.RemoteWebElement.click(RemoteWebElement.java:76)
at tests.EmergencyWLTest.TakeOffServerFilters(EmergencyWLTest.java:592)
at tests.EmergencyWLTest.IsPatientInEmergency(EmergencyWLTest.java:559)
at tests.EmergencyWLTest.CreateEmergencyAnamnesis(EmergencyWLTest.java:324)
at java.base/jdk.internal.reflect.DirectMethodHandleAccessor.invoke(DirectMethodHandleAccessor.java:104)
at java.base/java.lang.reflect.Method.invoke(Method.java:565)
at org.testng.internal.invokers.MethodInvocationHelper.invokeMethod(MethodInvocationHelper.java:141)
at org.testng.internal.invokers.TestInvoker.invokeMethod(TestInvoker.java:687)
at org.testng.internal.invokers.TestInvoker.invokeTestMethod(TestInvoker.java:230)
at org.testng.internal.invokers.MethodRunner.runInSequence(MethodRunner.java:63)
at org.testng.internal.invokers.TestInvoker$MethodInvocationAgent.invoke(TestInvoker.java:995)
at org.testng.internal.invokers.TestInvoker.invokeTestMethods(TestInvoker.java:203)
at org.testng.internal.invokers.TestMethodWorker.invokeTestMethods(TestMethodWorker.java:154)
at org.testng.internal.invokers.TestMethodWorker.run(TestMethodWorker.java:134)
at java.base/java.util.ArrayList.forEach(ArrayList.java:1604)
at org.testng.TestRunner.privateRun(TestRunner.java:741)
at org.testng.TestRunner.run(TestRunner.java:616)
at org.testng.SuiteRunner.runTest(SuiteRunner.java:421)
at org.testng.SuiteRunner.runSequentially(SuiteRunner.java:413)
at org.testng.SuiteRunner.privateRun(SuiteRunner.java:373)
at org.testng.SuiteRunner.run(SuiteRunner.java:312)
at org.testng.SuiteRunnerWorker.runSuite(SuiteRunnerWorker.java:52)
at org.testng.SuiteRunnerWorker.run(SuiteRunnerWorker.java:95)
at org.testng.TestNG.runSuitesSequentially(TestNG.java:1274)
at org.testng.TestNG.runSuitesLocally(TestNG.java:1208)
at org.testng.TestNG.runSuites(TestNG.java:1112)
at org.testng.TestNG.run(TestNG.java:1079)
at com.intellij.rt.testng.IDEARemoteTestNG.run(IDEARemoteTestNG.java:65)
at com.intellij.rt.testng.RemoteTestNGStarter.main(RemoteTestNGStarter.java:105)
]]>
            </full-stacktrace>
          </exception> <!-- org.openqa.selenium.ElementClickInterceptedException -->
          <reporter-output>
          </reporter-output>
        </test-method> <!-- CreateEmergencyAnamnesis -->
        <test-method signature="CreateEmergencyEvolution()[pri:11, instance:tests.EmergencyWLTest@765d7657]" started-at="2026-03-03T08:51:27 CET" name="CreateEmergencyEvolution" finished-at="2026-03-03T08:51:27 CET" depends-on-methods="tests.EmergencyWLTest.EnterEmergencyWL, tests.EmergencyWLTest.CreateEmergencyAnamnesis, tests.EmergencyWLTest.CreateEmergencySheet" duration-ms="0" status="SKIP">
          <exception class="java.lang.Throwable">
            <message>
              <![CDATA[Method tests.EmergencyWLTest.CreateEmergencyEvolution() on instance tests.EmergencyWLTest@765d7657 depends on not successfully finished methods 
[tests.EmergencyWLTest.EnterEmergencyWL() on instance tests.EmergencyWLTest@765d7657
tests.EmergencyWLTest.CreateEmergencyAnamnesis() on instance tests.EmergencyWLTest@765d7657
tests.EmergencyWLTest.CreateEmergencySheet() on instance tests.EmergencyWLTest@765d7657]]]>
            </message>
            <full-stacktrace>
              <![CDATA[java.lang.Throwable: Method tests.EmergencyWLTest.CreateEmergencyEvolution() on instance tests.EmergencyWLTest@765d7657 depends on not successfully finished methods 
[tests.EmergencyWLTest.EnterEmergencyWL() on instance tests.EmergencyWLTest@765d7657
tests.EmergencyWLTest.CreateEmergencyAnamnesis() on instance tests.EmergencyWLTest@765d7657
tests.EmergencyWLTest.CreateEmergencySheet() on instance tests.EmergencyWLTest@765d7657]
at org.testng.internal.invokers.TestInvoker.invokeTestMethods(TestInvoker.java:159)
at org.testng.internal.invokers.TestMethodWorker.invokeTestMethods(TestMethodWorker.java:154)
at org.testng.internal.invokers.TestMethodWorker.run(TestMethodWorker.java:134)
at java.base/java.util.ArrayList.forEach(ArrayList.java:1604)
at org.testng.TestRunner.privateRun(TestRunner.java:741)
at org.testng.TestRunner.run(TestRunner.java:616)
at org.testng.SuiteRunner.runTest(SuiteRunner.java:421)
at org.testng.SuiteRunner.runSequentially(SuiteRunner.java:413)
at org.testng.SuiteRunner.privateRun(SuiteRunner.java:373)
at org.testng.SuiteRunner.run(SuiteRunner.java:312)
at org.testng.SuiteRunnerWorker.runSuite(SuiteRunnerWorker.java:52)
at org.testng.SuiteRunnerWorker.run(SuiteRunnerWorker.java:95)
at org.testng.TestNG.runSuitesSequentially(TestNG.java:1274)
at org.testng.TestNG.runSuitesLocally(TestNG.java:1208)
at org.testng.TestNG.runSuites(TestNG.java:1112)
at org.testng.TestNG.run(TestNG.java:1079)
at com.intellij.rt.testng.IDEARemoteTestNG.run(IDEARemoteTestNG.java:65)
at com.intellij.rt.testng.RemoteTestNGStarter.main(RemoteTestNGStarter.java:105)
]]>
            </full-stacktrace>
          </exception> <!-- java.lang.Throwable -->
          <reporter-output>
          </reporter-output>
        </test-method> <!-- CreateEmergencyEvolution -->
        <test-method signature="DichargeEmergency()[pri:100, instance:tests.EmergencyWLTest@765d7657]" started-at="2026-03-03T08:51:27 CET" name="DichargeEmergency" finished-at="2026-03-03T08:51:28 CET" depends-on-methods="tests.EmergencyWLTest.EnterEmergencyWL, tests.EmergencyWLTest.CreateEmergencySheet" duration-ms="1119" status="FAIL">
          <exception class="org.openqa.selenium.ElementClickInterceptedException">
            <message>
              <![CDATA[element click intercepted: Element <button _ngcontent-ng-c538034977="" mat-button="" class="mat-focus-indicator mat-button mat-button-base ng-star-inserted" type="submit" id="filters-button-emergencyGridId">...</button> is not clickable at point (463, 155). Other element would receive the click: <div class="cdk-overlay-backdrop cdk-overlay-transparent-backdrop cdk-overlay-backdrop-showing"></div>
  (Session info: chrome=145.0.7632.117)
Build info: version: '4.36.0', revision: '6d115cfd87'
System info: os.name: 'Windows 11', os.arch: 'amd64', os.version: '10.0', java.version: '25'
Driver info: org.openqa.selenium.chrome.ChromeDriver
Command: [36b6e9734b5929b144357509a3170729, clickElement {id=f.E332741DC3BAE42AE4A2DA3C08D0B5D4.d.7817EA6D757915D4A3C51CEF34A02C27.e.26}]
Capabilities {acceptInsecureCerts: false, browserName: chrome, browserVersion: 145.0.7632.117, chrome: {chromedriverVersion: 145.0.7632.117 (de4e5d6e13b..., userDataDir: C:\Users\OSCAR~1.VIL\AppDat...}, fedcm:accounts: true, goog:chromeOptions: {debuggerAddress: localhost:65132}, goog:processID: 19120, networkConnectionEnabled: false, pageLoadStrategy: normal, platformName: windows, proxy: Proxy(), se:cdp: ws://localhost:65132/devtoo..., se:cdpVersion: 145.0.7632.117, setWindowRect: true, strictFileInteractability: false, timeouts: {implicit: 0, pageLoad: 300000, script: 30000}, unhandledPromptBehavior: dismiss and notify, webauthn:extension:credBlob: true, webauthn:extension:largeBlob: true, webauthn:extension:minPinLength: true, webauthn:extension:prf: true, webauthn:virtualAuthenticators: true}
Element: [[ChromeDriver: chrome on windows (36b6e9734b5929b144357509a3170729)] -> id: filters-button-emergencyGridId]
Session ID: 36b6e9734b5929b144357509a3170729]]>
            </message>
            <full-stacktrace>
              <![CDATA[org.openqa.selenium.ElementClickInterceptedException: element click intercepted: Element <button _ngcontent-ng-c538034977="" mat-button="" class="mat-focus-indicator mat-button mat-button-base ng-star-inserted" type="submit" id="filters-button-emergencyGridId">...</button> is not clickable at point (463, 155). Other element would receive the click: <div class="cdk-overlay-backdrop cdk-overlay-transparent-backdrop cdk-overlay-backdrop-showing"></div>
  (Session info: chrome=145.0.7632.117)
Build info: version: '4.36.0', revision: '6d115cfd87'
System info: os.name: 'Windows 11', os.arch: 'amd64', os.version: '10.0', java.version: '25'
Driver info: org.openqa.selenium.chrome.ChromeDriver
Command: [36b6e9734b5929b144357509a3170729, clickElement {id=f.E332741DC3BAE42AE4A2DA3C08D0B5D4.d.7817EA6D757915D4A3C51CEF34A02C27.e.26}]
Capabilities {acceptInsecureCerts: false, browserName: chrome, browserVersion: 145.0.7632.117, chrome: {chromedriverVersion: 145.0.7632.117 (de4e5d6e13b..., userDataDir: C:\Users\OSCAR~1.VIL\AppDat...}, fedcm:accounts: true, goog:chromeOptions: {debuggerAddress: localhost:65132}, goog:processID: 19120, networkConnectionEnabled: false, pageLoadStrategy: normal, platformName: windows, proxy: Proxy(), se:cdp: ws://localhost:65132/devtoo..., se:cdpVersion: 145.0.7632.117, setWindowRect: true, strictFileInteractability: false, timeouts: {implicit: 0, pageLoad: 300000, script: 30000}, unhandledPromptBehavior: dismiss and notify, webauthn:extension:credBlob: true, webauthn:extension:largeBlob: true, webauthn:extension:minPinLength: true, webauthn:extension:prf: true, webauthn:virtualAuthenticators: true}
Element: [[ChromeDriver: chrome on windows (36b6e9734b5929b144357509a3170729)] -> id: filters-button-emergencyGridId]
Session ID: 36b6e9734b5929b144357509a3170729
at java.base/jdk.internal.reflect.DirectConstructorHandleAccessor.newInstance(DirectConstructorHandleAccessor.java:62)
at java.base/java.lang.reflect.Constructor.newInstanceWithCaller(Constructor.java:499)
at java.base/java.lang.reflect.Constructor.newInstance(Constructor.java:483)
at org.openqa.selenium.remote.ErrorCodec.decode(ErrorCodec.java:167)
at org.openqa.selenium.remote.codec.w3c.W3CHttpResponseCodec.decode(W3CHttpResponseCodec.java:138)
at org.openqa.selenium.remote.codec.w3c.W3CHttpResponseCodec.decode(W3CHttpResponseCodec.java:50)
at org.openqa.selenium.remote.HttpCommandExecutor.execute(HttpCommandExecutor.java:215)
at org.openqa.selenium.remote.service.DriverCommandExecutor.invokeExecute(DriverCommandExecutor.java:216)
at org.openqa.selenium.remote.service.DriverCommandExecutor.execute(DriverCommandExecutor.java:174)
at org.openqa.selenium.remote.RemoteWebDriver.execute(RemoteWebDriver.java:557)
at org.openqa.selenium.remote.RemoteWebElement.execute(RemoteWebElement.java:223)
at org.openqa.selenium.remote.RemoteWebElement.click(RemoteWebElement.java:76)
at tests.EmergencyWLTest.TakeOffServerFilters(EmergencyWLTest.java:592)
at tests.EmergencyWLTest.IsPatientInEmergency(EmergencyWLTest.java:559)
at tests.EmergencyWLTest.DichargeEmergency(EmergencyWLTest.java:421)
at java.base/jdk.internal.reflect.DirectMethodHandleAccessor.invoke(DirectMethodHandleAccessor.java:104)
at java.base/java.lang.reflect.Method.invoke(Method.java:565)
at org.testng.internal.invokers.MethodInvocationHelper.invokeMethod(MethodInvocationHelper.java:141)
at org.testng.internal.invokers.TestInvoker.invokeMethod(TestInvoker.java:687)
at org.testng.internal.invokers.TestInvoker.invokeTestMethod(TestInvoker.java:230)
at org.testng.internal.invokers.MethodRunner.runInSequence(MethodRunner.java:63)
at org.testng.internal.invokers.TestInvoker$MethodInvocationAgent.invoke(TestInvoker.java:995)
at org.testng.internal.invokers.TestInvoker.invokeTestMethods(TestInvoker.java:203)
at org.testng.internal.invokers.TestMethodWorker.invokeTestMethods(TestMethodWorker.java:154)
at org.testng.internal.invokers.TestMethodWorker.run(TestMethodWorker.java:134)
at java.base/java.util.ArrayList.forEach(ArrayList.java:1604)
at org.testng.TestRunner.privateRun(TestRunner.java:741)
at org.testng.TestRunner.run(TestRunner.java:616)
at org.testng.SuiteRunner.runTest(SuiteRunner.java:421)
at org.testng.SuiteRunner.runSequentially(SuiteRunner.java:413)
at org.testng.SuiteRunner.privateRun(SuiteRunner.java:373)
at org.testng.SuiteRunner.run(SuiteRunner.java:312)
at org.testng.SuiteRunnerWorker.runSuite(SuiteRunnerWorker.java:52)
at org.testng.SuiteRunnerWorker.run(SuiteRunnerWorker.java:95)
at org.testng.TestNG.runSuitesSequentially(TestNG.java:1274)
at org.testng.TestNG.runSuitesLocally(TestNG.java:1208)
at org.testng.TestNG.runSuites(TestNG.java:1112)
at org.testng.TestNG.run(TestNG.java:1079)
at com.intellij.rt.testng.IDEARemoteTestNG.run(IDEARemoteTestNG.java:65)
at com.intellij.rt.testng.RemoteTestNGStarter.main(RemoteTestNGStarter.java:105)
]]>
            </full-stacktrace>
          </exception> <!-- org.openqa.selenium.ElementClickInterceptedException -->
          <reporter-output>
          </reporter-output>
        </test-method> <!-- DichargeEmergency -->
        <test-method signature="DischargeEmergencyFromWL()[pri:110, instance:tests.EmergencyWLTest@765d7657]" started-at="2026-03-03T08:51:28 CET" name="DischargeEmergencyFromWL" finished-at="2026-03-03T08:51:28 CET" depends-on-methods="tests.EmergencyWLTest.EnterEmergencyWL, tests.EmergencyWLTest.DichargeEmergency, tests.EmergencyWLTest.CreateEmergencySheet" duration-ms="0" status="SKIP">
          <exception class="java.lang.Throwable">
            <message>
              <![CDATA[Method tests.EmergencyWLTest.DischargeEmergencyFromWL() on instance tests.EmergencyWLTest@765d7657 depends on not successfully finished methods 
[tests.EmergencyWLTest.EnterEmergencyWL() on instance tests.EmergencyWLTest@765d7657
tests.EmergencyWLTest.DichargeEmergency() on instance tests.EmergencyWLTest@765d7657
tests.EmergencyWLTest.CreateEmergencySheet() on instance tests.EmergencyWLTest@765d7657]]]>
            </message>
            <full-stacktrace>
              <![CDATA[java.lang.Throwable: Method tests.EmergencyWLTest.DischargeEmergencyFromWL() on instance tests.EmergencyWLTest@765d7657 depends on not successfully finished methods 
[tests.EmergencyWLTest.EnterEmergencyWL() on instance tests.EmergencyWLTest@765d7657
tests.EmergencyWLTest.DichargeEmergency() on instance tests.EmergencyWLTest@765d7657
tests.EmergencyWLTest.CreateEmergencySheet() on instance tests.EmergencyWLTest@765d7657]
at org.testng.internal.invokers.TestInvoker.invokeTestMethods(TestInvoker.java:159)
at org.testng.internal.invokers.TestMethodWorker.invokeTestMethods(TestMethodWorker.java:154)
at org.testng.internal.invokers.TestMethodWorker.run(TestMethodWorker.java:134)
at java.base/java.util.ArrayList.forEach(ArrayList.java:1604)
at org.testng.TestRunner.privateRun(TestRunner.java:741)
at org.testng.TestRunner.run(TestRunner.java:616)
at org.testng.SuiteRunner.runTest(SuiteRunner.java:421)
at org.testng.SuiteRunner.runSequentially(SuiteRunner.java:413)
at org.testng.SuiteRunner.privateRun(SuiteRunner.java:373)
at org.testng.SuiteRunner.run(SuiteRunner.java:312)
at org.testng.SuiteRunnerWorker.runSuite(SuiteRunnerWorker.java:52)
at org.testng.SuiteRunnerWorker.run(SuiteRunnerWorker.java:95)
at org.testng.TestNG.runSuitesSequentially(TestNG.java:1274)
at org.testng.TestNG.runSuitesLocally(TestNG.java:1208)
at org.testng.TestNG.runSuites(TestNG.java:1112)
at org.testng.TestNG.run(TestNG.java:1079)
at com.intellij.rt.testng.IDEARemoteTestNG.run(IDEARemoteTestNG.java:65)
at com.intellij.rt.testng.RemoteTestNGStarter.main(RemoteTestNGStarter.java:105)
]]>
            </full-stacktrace>
          </exception> <!-- java.lang.Throwable -->
          <reporter-output>
          </reporter-output>
        </test-method> <!-- DischargeEmergencyFromWL -->
        <test-method is-config="true" signature="tearDownSuite()[pri:0, instance:tests.EmergencyWLTest@765d7657]" started-at="2026-03-03T08:51:28 CET" name="tearDownSuite" finished-at="2026-03-03T08:51:28 CET" duration-ms="1" status="PASS">
          <reporter-output>
          </reporter-output>
        </test-method> <!-- tearDownSuite -->
      </class> <!-- tests.EmergencyWLTest -->
    </test> <!-- Pruebas automatizadas GC Web -->
  </suite> <!-- All Test Suite -->
</testng-results>
