<?xml version="1.0" encoding="UTF-8"?>
<!-- Generated by org.testng.reporters.JUnitReportReporter -->
<testsuite hostname="TICH-D-P017" failures="0" tests="3" name="tests.ModulesMNPTest" time="164.446" errors="0" timestamp="2025-12-15T08:25:35 CET" skipped="0">
  <testcase classname="tests.ModulesMNPTest" name="Login" time="30.829"/>
  <testcase classname="tests.ModulesMNPTest" name="ModuleEmergency" time="65.065">
    <system-out>
      <![CDATA[ Lista trabajo => OK
 Planificador de cuidados => OK
 Medicación => OK]]>
    </system-out>
  </testcase> <!-- ModuleEmergency -->
  <testcase classname="tests.ModulesMNPTest" name="ModuleHospitalization" time="68.552">
    <system-out>
      <![CDATA[ Lista trabajo => OK
 Planificador de cuidados => OK
 Control de pruebas => OK
 Dietas => OK
 Pacientes sin dieta activa => OK
 Mapa de Hospitalización => OK
 Medicación => OK]]>
    </system-out>
  </testcase> <!-- ModuleHospitalization -->
  <system-out>
    <![CDATA[ Lista trabajo => OK
 Planificador de cuidados => OK
 Medicación => OK
 Lista trabajo => OK
 Planificador de cuidados => OK
 Control de pruebas => OK
 Dietas => OK
 Pacientes sin dieta activa => OK
 Mapa de Hospitalización => OK
 Medicación => OK]]>
  </system-out>
</testsuite> <!-- tests.ModulesMNPTest -->
