<?xml version="1.0" encoding="UTF-8"?>
<!-- Generated by org.testng.reporters.JUnitReportReporter -->
<testsuite hostname="TICH-D-P017" failures="0" tests="1" name="tests.UrlTest" time="0.014" errors="1" timestamp="2025-12-12T13:10:57 CET" skipped="0">
  <testcase classname="tests.UrlTest" name="setUpSuite" time="0.014">
    <error message="No se encontró ningún fichero de configuración para entorno: qa" type="java.lang.RuntimeException">
      <![CDATA[java.lang.RuntimeException: No se encontró ningún fichero de configuración para entorno: qa
at tests.ConfigReader.load(ConfigReader.java:24)
at tests.ClassBaseTest.setUpEnvironment(ClassBaseTest.java:61)
at tests.ClassBaseTest.setUpSuite(ClassBaseTest.java:26)
at java.base/jdk.internal.reflect.DirectMethodHandleAccessor.invoke(DirectMethodHandleAccessor.java:104)
at java.base/java.lang.reflect.Method.invoke(Method.java:565)
at org.testng.internal.invokers.MethodInvocationHelper.invokeMethod(MethodInvocationHelper.java:141)
at org.testng.internal.invokers.MethodInvocationHelper.invokeMethodConsideringTimeout(MethodInvocationHelper.java:71)
at org.testng.internal.invokers.ConfigInvoker.invokeConfigurationMethod(ConfigInvoker.java:400)
at org.testng.internal.invokers.ConfigInvoker.invokeConfigurations(ConfigInvoker.java:333)
at org.testng.SuiteRunner.privateRun(SuiteRunner.java:358)
at org.testng.SuiteRunner.run(SuiteRunner.java:312)
at org.testng.SuiteRunnerWorker.runSuite(SuiteRunnerWorker.java:52)
at org.testng.SuiteRunnerWorker.run(SuiteRunnerWorker.java:95)
at org.testng.TestNG.runSuitesSequentially(TestNG.java:1274)
at org.testng.TestNG.runSuitesLocally(TestNG.java:1208)
at org.testng.TestNG.runSuites(TestNG.java:1112)
at org.testng.TestNG.run(TestNG.java:1079)
at TestLauncher.main(TestLauncher.java:22)
]]>
    </error>
  </testcase> <!-- setUpSuite -->
</testsuite> <!-- tests.UrlTest -->
