<?xml version="1.0" encoding="UTF-8"?>
<!-- Generated by org.testng.reporters.JUnitReportReporter -->
<testsuite hostname="TICH-D-P017" failures="0" tests="1" name="tests.UrlTest" time="6.591" errors="0" timestamp="2025-11-28T14:34:26 CET" skipped="0">
  <testcase classname="tests.UrlTest" name="openUrl" time="6.591"/>
  <system-out>
    <![CDATA[⚠ El paciente ya está en urgencias.
⚠ El paciente ya tiene el triaje hecho.
⚠ El botón de asignar enfermería NO está presente (posible falta de permisos).]]>
  </system-out>
</testsuite> <!-- tests.UrlTest -->
