<?xml version="1.0" encoding="UTF-8"?>
<!-- Generated by org.testng.reporters.JUnitReportReporter -->
<testsuite hostname="TICH-D-P017" failures="0" tests="1" name="tests.LoginTest" time="39.236" errors="0" timestamp="2025-12-05T07:33:58 CET" skipped="0">
  <testcase classname="tests.LoginTest" name="userLogin" time="39.236"/>
  <system-out>
    <![CDATA[⚠ El paciente ya está en urgencias.
⚠ El paciente ya tiene el triaje hecho.
⚠ El botón de asignar enfermería NO está presente (posible falta de permisos).]]>
  </system-out>
</testsuite> <!-- tests.LoginTest -->
