<?xml version="1.0" encoding="UTF-8"?>
<!-- Generated by org.testng.reporters.JUnitReportReporter -->
<testsuite hostname="TICH-D-P017" failures="0" tests="22" name="tests.ModulesMPTest" time="427.306" errors="2" timestamp="2026-01-27T09:48:20 CET" skipped="0">
  <testcase classname="tests.ModulesMPTest" name="Login" time="16.895"/>
  <testcase classname="tests.ModulesMPTest" name="ViewHistory" time="19.443"/>
  <testcase classname="tests.ModulesMPTest" name="ModuleSummary" time="0.145">
    <system-out>
      <![CDATA[ Resumen => OK]]>
    </system-out>
  </testcase> <!-- ModuleSummary -->
  <testcase classname="tests.ModulesMPTest" name="ModuleClinicalDocuments" time="18.061">
    <system-out>
      <![CDATA[ Lista de trabajo => OK]]>
    </system-out>
  </testcase> <!-- ModuleClinicalDocuments -->
  <testcase classname="tests.ModulesMPTest" name="ModuleAnamnesis" time="2.769">
    <system-out>
      <![CDATA[ Anamnesis => OK]]>
    </system-out>
  </testcase> <!-- ModuleAnamnesis -->
  <testcase classname="tests.ModulesMPTest" name="ModuleEvolutionaryCourse" time="1.535">
    <system-out>
      <![CDATA[ Curso evolutivo => OK]]>
    </system-out>
  </testcase> <!-- ModuleEvolutionaryCourse -->
  <testcase classname="tests.ModulesMPTest" name="ModulePharmacotherapeuticProfile" time="48.067">
    <system-out>
      <![CDATA[⚠ Datos generales => NO está accesible.
 Errores de medicación => OK]]>
    </system-out>
  </testcase> <!-- ModulePharmacotherapeuticProfile -->
  <testcase classname="tests.ModulesMPTest" name="ModuleConstantsRegistry" time="3.319">
    <system-out>
      <![CDATA[ Registro de constantes => OK]]>
    </system-out>
  </testcase> <!-- ModuleConstantsRegistry -->
  <testcase classname="tests.ModulesMPTest" name="ModuleBalancesRegistry" time="2.886">
    <system-out>
      <![CDATA[ Registro de balances => OK]]>
    </system-out>
  </testcase> <!-- ModuleBalancesRegistry -->
  <testcase classname="tests.ModulesMPTest" name="ModuleMedicalHistory" time="0.088">
    <system-out>
      <![CDATA[ Antecedentes => OK]]>
    </system-out>
  </testcase> <!-- ModuleMedicalHistory -->
  <testcase classname="tests.ModulesMPTest" name="ModuleAllergiesAndAlerts" time="0.084">
    <system-out>
      <![CDATA[ Alergias y alertas => OK]]>
    </system-out>
  </testcase> <!-- ModuleAllergiesAndAlerts -->
  <testcase classname="tests.ModulesMPTest" name="ModuleDiagnoses" time="2.779">
    <system-out>
      <![CDATA[ Diagnósticoss => OK]]>
    </system-out>
  </testcase> <!-- ModuleDiagnoses -->
  <testcase classname="tests.ModulesMPTest" name="ModuleTreatments" time="31.209">
    <error message="element click intercepted: Element &lt;div _ngcontent-ng-c3182641179=&quot;&quot; class=&quot;d-flex justify-content-center align-items-center cursor-pointer&quot; id=&quot;tests-map-back-button&quot;&gt;...&lt;/div&gt; is not clickable at point (129, 88). Other element would receive the click: &lt;div class=&quot;cdk-overlay-backdrop cdk-overlay-dark-backdrop cdk-overlay-backdrop-showing&quot;&gt;&lt;/div&gt;
  (Session info: chrome=144.0.7559.97)
Build info: version: &#039;4.36.0&#039;, revision: &#039;6d115cfd87&#039;
System info: os.name: &#039;Windows 11&#039;, os.arch: &#039;amd64&#039;, os.version: &#039;10.0&#039;, java.version: &#039;25&#039;
Driver info: org.openqa.selenium.chrome.ChromeDriver
Command: [417926d88b37bac4bfc7a79fbe65dd74, clickElement {id=f.67C413798F1A88AFBEAB29A3A718D36C.d.7C79D3D836030AE5E0FE3DF02D53178F.e.81}]
Capabilities {acceptInsecureCerts: false, browserName: chrome, browserVersion: 144.0.7559.97, chrome: {chromedriverVersion: 143.0.7499.42 (24bdc8c48a0c..., userDataDir: C:\Users\OSCAR~1.VIL\AppDat...}, fedcm:accounts: true, goog:chromeOptions: {debuggerAddress: localhost:59272}, goog:processID: 26832, networkConnectionEnabled: false, pageLoadStrategy: normal, platformName: windows, proxy: Proxy(), se:cdp: ws://localhost:59272/devtoo..., se:cdpVersion: 144.0.7559.97, setWindowRect: true, strictFileInteractability: false, timeouts: {implicit: 0, pageLoad: 300000, script: 30000}, unhandledPromptBehavior: dismiss and notify, webauthn:extension:credBlob: true, webauthn:extension:largeBlob: true, webauthn:extension:minPinLength: true, webauthn:extension:prf: true, webauthn:virtualAuthenticators: true}
Element: [[ChromeDriver: chrome on windows (417926d88b37bac4bfc7a79fbe65dd74)] -&gt; css selector: [id$=&#039;-back-button&#039;]]
Session ID: 417926d88b37bac4bfc7a79fbe65dd74" type="org.openqa.selenium.ElementClickInterceptedException">
      <![CDATA[org.openqa.selenium.ElementClickInterceptedException: element click intercepted: Element <div _ngcontent-ng-c3182641179="" class="d-flex justify-content-center align-items-center cursor-pointer" id="tests-map-back-button">...</div> is not clickable at point (129, 88). Other element would receive the click: <div class="cdk-overlay-backdrop cdk-overlay-dark-backdrop cdk-overlay-backdrop-showing"></div>
  (Session info: chrome=144.0.7559.97)
Build info: version: '4.36.0', revision: '6d115cfd87'
System info: os.name: 'Windows 11', os.arch: 'amd64', os.version: '10.0', java.version: '25'
Driver info: org.openqa.selenium.chrome.ChromeDriver
Command: [417926d88b37bac4bfc7a79fbe65dd74, clickElement {id=f.67C413798F1A88AFBEAB29A3A718D36C.d.7C79D3D836030AE5E0FE3DF02D53178F.e.81}]
Capabilities {acceptInsecureCerts: false, browserName: chrome, browserVersion: 144.0.7559.97, chrome: {chromedriverVersion: 143.0.7499.42 (24bdc8c48a0c..., userDataDir: C:\Users\OSCAR~1.VIL\AppDat...}, fedcm:accounts: true, goog:chromeOptions: {debuggerAddress: localhost:59272}, goog:processID: 26832, networkConnectionEnabled: false, pageLoadStrategy: normal, platformName: windows, proxy: Proxy(), se:cdp: ws://localhost:59272/devtoo..., se:cdpVersion: 144.0.7559.97, setWindowRect: true, strictFileInteractability: false, timeouts: {implicit: 0, pageLoad: 300000, script: 30000}, unhandledPromptBehavior: dismiss and notify, webauthn:extension:credBlob: true, webauthn:extension:largeBlob: true, webauthn:extension:minPinLength: true, webauthn:extension:prf: true, webauthn:virtualAuthenticators: true}
Element: [[ChromeDriver: chrome on windows (417926d88b37bac4bfc7a79fbe65dd74)] -> css selector: [id$='-back-button']]
Session ID: 417926d88b37bac4bfc7a79fbe65dd74
at java.base/jdk.internal.reflect.DirectConstructorHandleAccessor.newInstance(DirectConstructorHandleAccessor.java:62)
at java.base/java.lang.reflect.Constructor.newInstanceWithCaller(Constructor.java:499)
at java.base/java.lang.reflect.Constructor.newInstance(Constructor.java:483)
at org.openqa.selenium.remote.ErrorCodec.decode(ErrorCodec.java:167)
at org.openqa.selenium.remote.codec.w3c.W3CHttpResponseCodec.decode(W3CHttpResponseCodec.java:138)
at org.openqa.selenium.remote.codec.w3c.W3CHttpResponseCodec.decode(W3CHttpResponseCodec.java:50)
at org.openqa.selenium.remote.HttpCommandExecutor.execute(HttpCommandExecutor.java:215)
at org.openqa.selenium.remote.service.DriverCommandExecutor.invokeExecute(DriverCommandExecutor.java:216)
at org.openqa.selenium.remote.service.DriverCommandExecutor.execute(DriverCommandExecutor.java:174)
at org.openqa.selenium.remote.RemoteWebDriver.execute(RemoteWebDriver.java:557)
at org.openqa.selenium.remote.RemoteWebElement.execute(RemoteWebElement.java:223)
at org.openqa.selenium.remote.RemoteWebElement.click(RemoteWebElement.java:76)
at tests.ModulesMPTest.BackToMainMenu(ModulesMPTest.java:280)
at tests.ModulesMPTest.ModuleTreatments(ModulesMPTest.java:123)
at java.base/jdk.internal.reflect.DirectMethodHandleAccessor.invoke(DirectMethodHandleAccessor.java:104)
at java.base/java.lang.reflect.Method.invoke(Method.java:565)
at org.testng.internal.invokers.MethodInvocationHelper.invokeMethod(MethodInvocationHelper.java:141)
at org.testng.internal.invokers.TestInvoker.invokeMethod(TestInvoker.java:687)
at org.testng.internal.invokers.TestInvoker.invokeTestMethod(TestInvoker.java:230)
at org.testng.internal.invokers.MethodRunner.runInSequence(MethodRunner.java:63)
at org.testng.internal.invokers.TestInvoker$MethodInvocationAgent.invoke(TestInvoker.java:995)
at org.testng.internal.invokers.TestInvoker.invokeTestMethods(TestInvoker.java:203)
at org.testng.internal.invokers.TestMethodWorker.invokeTestMethods(TestMethodWorker.java:154)
at org.testng.internal.invokers.TestMethodWorker.run(TestMethodWorker.java:134)
at java.base/java.util.ArrayList.forEach(ArrayList.java:1604)
at org.testng.TestRunner.privateRun(TestRunner.java:741)
at org.testng.TestRunner.run(TestRunner.java:616)
at org.testng.SuiteRunner.runTest(SuiteRunner.java:421)
at org.testng.SuiteRunner.runSequentially(SuiteRunner.java:413)
at org.testng.SuiteRunner.privateRun(SuiteRunner.java:373)
at org.testng.SuiteRunner.run(SuiteRunner.java:312)
at org.testng.SuiteRunnerWorker.runSuite(SuiteRunnerWorker.java:52)
at org.testng.SuiteRunnerWorker.run(SuiteRunnerWorker.java:95)
at org.testng.TestNG.runSuitesSequentially(TestNG.java:1274)
at org.testng.TestNG.runSuitesLocally(TestNG.java:1208)
at org.testng.TestNG.runSuites(TestNG.java:1112)
at org.testng.TestNG.run(TestNG.java:1079)
at com.intellij.rt.testng.IDEARemoteTestNG.run(IDEARemoteTestNG.java:65)
at com.intellij.rt.testng.RemoteTestNGStarter.main(RemoteTestNGStarter.java:105)
]]>
    </error>
  </testcase> <!-- ModuleTreatments -->
  <testcase classname="tests.ModulesMPTest" name="ModuleTestsMap" time="32.422">
    <error message="element click intercepted: Element &lt;div _ngcontent-ng-c3182641179=&quot;&quot; class=&quot;d-flex justify-content-center align-items-center cursor-pointer&quot; id=&quot;tests-map-back-button&quot;&gt;...&lt;/div&gt; is not clickable at point (129, 88). Other element would receive the click: &lt;div class=&quot;cdk-overlay-backdrop cdk-overlay-dark-backdrop cdk-overlay-backdrop-showing&quot;&gt;&lt;/div&gt;
  (Session info: chrome=144.0.7559.97)
Build info: version: &#039;4.36.0&#039;, revision: &#039;6d115cfd87&#039;
System info: os.name: &#039;Windows 11&#039;, os.arch: &#039;amd64&#039;, os.version: &#039;10.0&#039;, java.version: &#039;25&#039;
Driver info: org.openqa.selenium.chrome.ChromeDriver
Command: [417926d88b37bac4bfc7a79fbe65dd74, clickElement {id=f.67C413798F1A88AFBEAB29A3A718D36C.d.7C79D3D836030AE5E0FE3DF02D53178F.e.81}]
Capabilities {acceptInsecureCerts: false, browserName: chrome, browserVersion: 144.0.7559.97, chrome: {chromedriverVersion: 143.0.7499.42 (24bdc8c48a0c..., userDataDir: C:\Users\OSCAR~1.VIL\AppDat...}, fedcm:accounts: true, goog:chromeOptions: {debuggerAddress: localhost:59272}, goog:processID: 26832, networkConnectionEnabled: false, pageLoadStrategy: normal, platformName: windows, proxy: Proxy(), se:cdp: ws://localhost:59272/devtoo..., se:cdpVersion: 144.0.7559.97, setWindowRect: true, strictFileInteractability: false, timeouts: {implicit: 0, pageLoad: 300000, script: 30000}, unhandledPromptBehavior: dismiss and notify, webauthn:extension:credBlob: true, webauthn:extension:largeBlob: true, webauthn:extension:minPinLength: true, webauthn:extension:prf: true, webauthn:virtualAuthenticators: true}
Element: [[ChromeDriver: chrome on windows (417926d88b37bac4bfc7a79fbe65dd74)] -&gt; css selector: [id$=&#039;-back-button&#039;]]
Session ID: 417926d88b37bac4bfc7a79fbe65dd74" type="org.openqa.selenium.ElementClickInterceptedException">
      <![CDATA[org.openqa.selenium.ElementClickInterceptedException: element click intercepted: Element <div _ngcontent-ng-c3182641179="" class="d-flex justify-content-center align-items-center cursor-pointer" id="tests-map-back-button">...</div> is not clickable at point (129, 88). Other element would receive the click: <div class="cdk-overlay-backdrop cdk-overlay-dark-backdrop cdk-overlay-backdrop-showing"></div>
  (Session info: chrome=144.0.7559.97)
Build info: version: '4.36.0', revision: '6d115cfd87'
System info: os.name: 'Windows 11', os.arch: 'amd64', os.version: '10.0', java.version: '25'
Driver info: org.openqa.selenium.chrome.ChromeDriver
Command: [417926d88b37bac4bfc7a79fbe65dd74, clickElement {id=f.67C413798F1A88AFBEAB29A3A718D36C.d.7C79D3D836030AE5E0FE3DF02D53178F.e.81}]
Capabilities {acceptInsecureCerts: false, browserName: chrome, browserVersion: 144.0.7559.97, chrome: {chromedriverVersion: 143.0.7499.42 (24bdc8c48a0c..., userDataDir: C:\Users\OSCAR~1.VIL\AppDat...}, fedcm:accounts: true, goog:chromeOptions: {debuggerAddress: localhost:59272}, goog:processID: 26832, networkConnectionEnabled: false, pageLoadStrategy: normal, platformName: windows, proxy: Proxy(), se:cdp: ws://localhost:59272/devtoo..., se:cdpVersion: 144.0.7559.97, setWindowRect: true, strictFileInteractability: false, timeouts: {implicit: 0, pageLoad: 300000, script: 30000}, unhandledPromptBehavior: dismiss and notify, webauthn:extension:credBlob: true, webauthn:extension:largeBlob: true, webauthn:extension:minPinLength: true, webauthn:extension:prf: true, webauthn:virtualAuthenticators: true}
Element: [[ChromeDriver: chrome on windows (417926d88b37bac4bfc7a79fbe65dd74)] -> css selector: [id$='-back-button']]
Session ID: 417926d88b37bac4bfc7a79fbe65dd74
at java.base/jdk.internal.reflect.DirectConstructorHandleAccessor.newInstance(DirectConstructorHandleAccessor.java:62)
at java.base/java.lang.reflect.Constructor.newInstanceWithCaller(Constructor.java:499)
at java.base/java.lang.reflect.Constructor.newInstance(Constructor.java:483)
at org.openqa.selenium.remote.ErrorCodec.decode(ErrorCodec.java:167)
at org.openqa.selenium.remote.codec.w3c.W3CHttpResponseCodec.decode(W3CHttpResponseCodec.java:138)
at org.openqa.selenium.remote.codec.w3c.W3CHttpResponseCodec.decode(W3CHttpResponseCodec.java:50)
at org.openqa.selenium.remote.HttpCommandExecutor.execute(HttpCommandExecutor.java:215)
at org.openqa.selenium.remote.service.DriverCommandExecutor.invokeExecute(DriverCommandExecutor.java:216)
at org.openqa.selenium.remote.service.DriverCommandExecutor.execute(DriverCommandExecutor.java:174)
at org.openqa.selenium.remote.RemoteWebDriver.execute(RemoteWebDriver.java:557)
at org.openqa.selenium.remote.RemoteWebElement.execute(RemoteWebElement.java:223)
at org.openqa.selenium.remote.RemoteWebElement.click(RemoteWebElement.java:76)
at tests.ModulesMPTest.BackToMainMenu(ModulesMPTest.java:280)
at tests.ModulesMPTest.ModuleTestsMap(ModulesMPTest.java:135)
at java.base/jdk.internal.reflect.DirectMethodHandleAccessor.invoke(DirectMethodHandleAccessor.java:104)
at java.base/java.lang.reflect.Method.invoke(Method.java:565)
at org.testng.internal.invokers.MethodInvocationHelper.invokeMethod(MethodInvocationHelper.java:141)
at org.testng.internal.invokers.TestInvoker.invokeMethod(TestInvoker.java:687)
at org.testng.internal.invokers.TestInvoker.invokeTestMethod(TestInvoker.java:230)
at org.testng.internal.invokers.MethodRunner.runInSequence(MethodRunner.java:63)
at org.testng.internal.invokers.TestInvoker$MethodInvocationAgent.invoke(TestInvoker.java:995)
at org.testng.internal.invokers.TestInvoker.invokeTestMethods(TestInvoker.java:203)
at org.testng.internal.invokers.TestMethodWorker.invokeTestMethods(TestMethodWorker.java:154)
at org.testng.internal.invokers.TestMethodWorker.run(TestMethodWorker.java:134)
at java.base/java.util.ArrayList.forEach(ArrayList.java:1604)
at org.testng.TestRunner.privateRun(TestRunner.java:741)
at org.testng.TestRunner.run(TestRunner.java:616)
at org.testng.SuiteRunner.runTest(SuiteRunner.java:421)
at org.testng.SuiteRunner.runSequentially(SuiteRunner.java:413)
at org.testng.SuiteRunner.privateRun(SuiteRunner.java:373)
at org.testng.SuiteRunner.run(SuiteRunner.java:312)
at org.testng.SuiteRunnerWorker.runSuite(SuiteRunnerWorker.java:52)
at org.testng.SuiteRunnerWorker.run(SuiteRunnerWorker.java:95)
at org.testng.TestNG.runSuitesSequentially(TestNG.java:1274)
at org.testng.TestNG.runSuitesLocally(TestNG.java:1208)
at org.testng.TestNG.runSuites(TestNG.java:1112)
at org.testng.TestNG.run(TestNG.java:1079)
at com.intellij.rt.testng.IDEARemoteTestNG.run(IDEARemoteTestNG.java:65)
at com.intellij.rt.testng.RemoteTestNGStarter.main(RemoteTestNGStarter.java:105)
]]>
    </error>
    <system-out>
      <![CDATA[ Radiología => OK
 Laboratorio => OK
 Anatomía patológica => OK
 Endoscopias => OK
 Otras pruebas => OK]]>
    </system-out>
  </testcase> <!-- ModuleTestsMap -->
  <testcase classname="tests.ModulesMPTest" name="ModuleBloodProducts" time="37.044">
    <system-out>
      <![CDATA[⚠ Hemoderivados => NO está accesible.]]>
    </system-out>
  </testcase> <!-- ModuleBloodProducts -->
  <testcase classname="tests.ModulesMPTest" name="ModuleSurgicalInterventions" time="30.097">
    <system-out>
      <![CDATA[⚠ Intervenciones => NO está accesible.]]>
    </system-out>
  </testcase> <!-- ModuleSurgicalInterventions -->
  <testcase classname="tests.ModulesMPTest" name="ModuleDischargeReport" time="30.087">
    <system-out>
      <![CDATA[⚠ Informe de alta => NO está accesible.]]>
    </system-out>
  </testcase> <!-- ModuleDischargeReport -->
  <testcase classname="tests.ModulesMPTest" name="ModuleDietsAndRecomendations" time="30.127">
    <system-out>
      <![CDATA[⚠ Dietas y recomendaciones => NO está accesible.]]>
    </system-out>
  </testcase> <!-- ModuleDietsAndRecomendations -->
  <testcase classname="tests.ModulesMPTest" name="ModuleBenefits" time="30.049">
    <system-out>
      <![CDATA[⚠ Prestaciones => NO está accesible.]]>
    </system-out>
  </testcase> <!-- ModuleBenefits -->
  <testcase classname="tests.ModulesMPTest" name="ModuleClinicalReports" time="30.064">
    <system-out>
      <![CDATA[⚠ Informes clínicos => NO está accesible.]]>
    </system-out>
  </testcase> <!-- ModuleClinicalReports -->
  <testcase classname="tests.ModulesMPTest" name="ModuleInterconsultation" time="30.083">
    <system-out>
      <![CDATA[⚠ Interconsultas => NO está accesible.]]>
    </system-out>
  </testcase> <!-- ModuleInterconsultation -->
  <testcase classname="tests.ModulesMPTest" name="ModuleConsumptions" time="30.053">
    <system-out>
      <![CDATA[⚠ Imputación de consumos => NO está accesible.]]>
    </system-out>
  </testcase> <!-- ModuleConsumptions -->
  <system-out>
    <![CDATA[ Resumen => OK
 Lista de trabajo => OK
 Anamnesis => OK
 Curso evolutivo => OK
⚠ Datos generales => NO está accesible.
 Errores de medicación => OK
 Registro de constantes => OK
 Registro de balances => OK
 Antecedentes => OK
 Alergias y alertas => OK
 Diagnósticoss => OK
 Radiología => OK
 Laboratorio => OK
 Anatomía patológica => OK
 Endoscopias => OK
 Otras pruebas => OK
⚠ Hemoderivados => NO está accesible.
⚠ Intervenciones => NO está accesible.
⚠ Informe de alta => NO está accesible.
⚠ Dietas y recomendaciones => NO está accesible.
⚠ Prestaciones => NO está accesible.
⚠ Informes clínicos => NO está accesible.
⚠ Interconsultas => NO está accesible.
⚠ Imputación de consumos => NO está accesible.]]>
  </system-out>
</testsuite> <!-- tests.ModulesMPTest -->
